The target system is: Linux - 4.19 - arm
The host system is: Linux - 5.6.6-arch1-1 - x86_64
Compiling the C compiler identification source file "CMakeCCompilerId.c" succeeded.
Compiler: /home/david/arm-cross-comp-env/arm-raspbian-linux-gnueabihf/bin/arm-raspbian-linux-gnueabihf-gcc 
Build flags: -Wl,-rpath-link,/home/david/arm-cross-comp-env/arm-raspbian-linux-gnueabihf/arm-raspbian-linux-gnueabihf/sysroot/opt/vc/lib;-Wl,-rpath-link,/home/david/arm-cross-comp-env/arm-raspbian-linux-gnueabihf/arm-raspbian-linux-gnueabihf/sysroot/lib/arm-linux-gnueabihf;-Wl,-rpath-link,/home/david/arm-cross-comp-env/arm-raspbian-linux-gnueabihf/arm-raspbian-linux-gnueabihf/sysroot/usr/lib/arm-linux-gnueabihf;-Wl,-rpath-link,/home/david/arm-cross-comp-env/arm-raspbian-linux-gnueabihf/arm-raspbian-linux-gnueabihf/sysroot/usr/local/lib
Id flags:  

The output was:
0


Compilation of the C compiler identification source "CMakeCCompilerId.c" produced "a.out"

The C compiler identification is GNU, found in "/home/david/setr-tp5/serveur/build/CMakeFiles/3.17.1/CompilerIdC/a.out"

Compiling the CXX compiler identification source file "CMakeCXXCompilerId.cpp" succeeded.
Compiler: /home/david/arm-cross-comp-env/arm-raspbian-linux-gnueabihf/bin/arm-raspbian-linux-gnueabihf-g++ 
Build flags: -Wl,-rpath-link,/home/david/arm-cross-comp-env/arm-raspbian-linux-gnueabihf/arm-raspbian-linux-gnueabihf/sysroot/opt/vc/lib;-Wl,-rpath-link,/home/david/arm-cross-comp-env/arm-raspbian-linux-gnueabihf/arm-raspbian-linux-gnueabihf/sysroot/lib/arm-linux-gnueabihf;-Wl,-rpath-link,/home/david/arm-cross-comp-env/arm-raspbian-linux-gnueabihf/arm-raspbian-linux-gnueabihf/sysroot/usr/lib/arm-linux-gnueabihf;-Wl,-rpath-link,/home/david/arm-cross-comp-env/arm-raspbian-linux-gnueabihf/arm-raspbian-linux-gnueabihf/sysroot/usr/local/lib
Id flags:  

The output was:
0


Compilation of the CXX compiler identification source "CMakeCXXCompilerId.cpp" produced "a.out"

The CXX compiler identification is GNU, found in "/home/david/setr-tp5/serveur/build/CMakeFiles/3.17.1/CompilerIdCXX/a.out"

Determining if the C compiler works passed with the following output:
Change Dir: /home/david/setr-tp5/serveur/build/CMakeFiles/CMakeTmp

Run Build Command(s):/usr/bin/make cmTC_b2d48/fast && /usr/bin/make  -f CMakeFiles/cmTC_b2d48.dir/build.make CMakeFiles/cmTC_b2d48.dir/build
make[1] : on entre dans le répertoire « /home/david/setr-tp5/serveur/build/CMakeFiles/CMakeTmp »
Building C object CMakeFiles/cmTC_b2d48.dir/testCCompiler.c.o
/home/david/arm-cross-comp-env/arm-raspbian-linux-gnueabihf/bin/arm-raspbian-linux-gnueabihf-gcc --sysroot=/home/david/arm-cross-comp-env/arm-raspbian-linux-gnueabihf/arm-raspbian-linux-gnueabihf/sysroot   -Wl,-rpath-link,/home/david/arm-cross-comp-env/arm-raspbian-linux-gnueabihf/arm-raspbian-linux-gnueabihf/sysroot/opt/vc/lib -Wl,-rpath-link,/home/david/arm-cross-comp-env/arm-raspbian-linux-gnueabihf/arm-raspbian-linux-gnueabihf/sysroot/lib/arm-linux-gnueabihf -Wl,-rpath-link,/home/david/arm-cross-comp-env/arm-raspbian-linux-gnueabihf/arm-raspbian-linux-gnueabihf/sysroot/usr/lib/arm-linux-gnueabihf -Wl,-rpath-link,/home/david/arm-cross-comp-env/arm-raspbian-linux-gnueabihf/arm-raspbian-linux-gnueabihf/sysroot/usr/local/lib    -o CMakeFiles/cmTC_b2d48.dir/testCCompiler.c.o   -c /home/david/setr-tp5/serveur/build/CMakeFiles/CMakeTmp/testCCompiler.c
Linking C executable cmTC_b2d48
/usr/bin/cmake -E cmake_link_script CMakeFiles/cmTC_b2d48.dir/link.txt --verbose=1
/home/david/arm-cross-comp-env/arm-raspbian-linux-gnueabihf/bin/arm-raspbian-linux-gnueabihf-gcc --sysroot=/home/david/arm-cross-comp-env/arm-raspbian-linux-gnueabihf/arm-raspbian-linux-gnueabihf/sysroot -Wl,-rpath-link,/home/david/arm-cross-comp-env/arm-raspbian-linux-gnueabihf/arm-raspbian-linux-gnueabihf/sysroot/opt/vc/lib -Wl,-rpath-link,/home/david/arm-cross-comp-env/arm-raspbian-linux-gnueabihf/arm-raspbian-linux-gnueabihf/sysroot/lib/arm-linux-gnueabihf -Wl,-rpath-link,/home/david/arm-cross-comp-env/arm-raspbian-linux-gnueabihf/arm-raspbian-linux-gnueabihf/sysroot/usr/lib/arm-linux-gnueabihf -Wl,-rpath-link,/home/david/arm-cross-comp-env/arm-raspbian-linux-gnueabihf/arm-raspbian-linux-gnueabihf/sysroot/usr/local/lib     -rdynamic CMakeFiles/cmTC_b2d48.dir/testCCompiler.c.o  -o cmTC_b2d48 
make[1] : on quitte le répertoire « /home/david/setr-tp5/serveur/build/CMakeFiles/CMakeTmp »



Detecting C compiler ABI info compiled with the following output:
Change Dir: /home/david/setr-tp5/serveur/build/CMakeFiles/CMakeTmp

Run Build Command(s):/usr/bin/make cmTC_74077/fast && /usr/bin/make  -f CMakeFiles/cmTC_74077.dir/build.make CMakeFiles/cmTC_74077.dir/build
make[1]: Entering directory '/home/david/setr-tp5/serveur/build/CMakeFiles/CMakeTmp'
Building C object CMakeFiles/cmTC_74077.dir/CMakeCCompilerABI.c.o
/home/david/arm-cross-comp-env/arm-raspbian-linux-gnueabihf/bin/arm-raspbian-linux-gnueabihf-gcc --sysroot=/home/david/arm-cross-comp-env/arm-raspbian-linux-gnueabihf/arm-raspbian-linux-gnueabihf/sysroot   -Wl,-rpath-link,/home/david/arm-cross-comp-env/arm-raspbian-linux-gnueabihf/arm-raspbian-linux-gnueabihf/sysroot/opt/vc/lib -Wl,-rpath-link,/home/david/arm-cross-comp-env/arm-raspbian-linux-gnueabihf/arm-raspbian-linux-gnueabihf/sysroot/lib/arm-linux-gnueabihf -Wl,-rpath-link,/home/david/arm-cross-comp-env/arm-raspbian-linux-gnueabihf/arm-raspbian-linux-gnueabihf/sysroot/usr/lib/arm-linux-gnueabihf -Wl,-rpath-link,/home/david/arm-cross-comp-env/arm-raspbian-linux-gnueabihf/arm-raspbian-linux-gnueabihf/sysroot/usr/local/lib    -v -o CMakeFiles/cmTC_74077.dir/CMakeCCompilerABI.c.o   -c /usr/share/cmake-3.17/Modules/CMakeCCompilerABI.c
Using built-in specs.
COLLECT_GCC=/home/david/arm-cross-comp-env/arm-raspbian-linux-gnueabihf/bin/arm-raspbian-linux-gnueabihf-gcc
Target: arm-raspbian-linux-gnueabihf
Configured with: /home/david/ct-config-rpi-zero/.build/arm-raspbian-linux-gnueabihf/src/gcc/configure --build=x86_64-build_pc-linux-gnu --host=x86_64-build_pc-linux-gnu --target=arm-raspbian-linux-gnueabihf --prefix=/home/david/arm-cross-comp-env/arm-raspbian-linux-gnueabihf --with-sysroot=/home/david/arm-cross-comp-env/arm-raspbian-linux-gnueabihf/arm-raspbian-linux-gnueabihf/sysroot --enable-languages=c,c++ --with-pkgversion='crosstool-NG UNKNOWN' --enable-__cxa_atexit --enable-libmudflap --enable-libgomp --enable-libssp --enable-libquadmath --enable-libquadmath-support --enable-libsanitizer --disable-libmpx --with-gmp=/home/david/ct-config-rpi-zero/.build/arm-raspbian-linux-gnueabihf/buildtools --with-mpfr=/home/david/ct-config-rpi-zero/.build/arm-raspbian-linux-gnueabihf/buildtools --with-mpc=/home/david/ct-config-rpi-zero/.build/arm-raspbian-linux-gnueabihf/buildtools --with-isl=/home/david/ct-config-rpi-zero/.build/arm-raspbian-linux-gnueabihf/buildtools --enable-lto --with-host-libstdcxx='-static-libgcc -Wl,-Bstatic,-lstdc++,-Bdynamic -lm' --enable-threads=posix --disable-plugin --disable-nls --enable-multiarch --with-local-prefix=/home/david/arm-cross-comp-env/arm-raspbian-linux-gnueabihf/arm-raspbian-linux-gnueabihf/sysroot --enable-long-long --with-arch=armv6 --with-float=hard --with-fpu=vfp --enable-libstdcxx-debug --enable-libstdcxx-time=yes --enable-version-specific-runtime-libs
Thread model: posix
gcc version 8.3.0 (crosstool-NG UNKNOWN) 
COLLECT_GCC_OPTIONS='-v' '-o' 'CMakeFiles/cmTC_74077.dir/CMakeCCompilerABI.c.o' '-c'  '-mfloat-abi=hard' '-mfpu=vfp' '-mtls-dialect=gnu' '-marm' '-march=armv6+fp'
 /home/david/arm-cross-comp-env/arm-raspbian-linux-gnueabihf/libexec/gcc/arm-raspbian-linux-gnueabihf/8.3.0/cc1 -quiet -v -imultilib . -imultiarch arm-linux-gnueabihf -isysroot /home/david/arm-cross-comp-env/arm-raspbian-linux-gnueabihf/arm-raspbian-linux-gnueabihf/sysroot /usr/share/cmake-3.17/Modules/CMakeCCompilerABI.c -quiet -dumpbase CMakeCCompilerABI.c -mfloat-abi=hard -mfpu=vfp -mtls-dialect=gnu -marm -march=armv6+fp -auxbase-strip CMakeFiles/cmTC_74077.dir/CMakeCCompilerABI.c.o -version -o /tmp/ccH0SqQS.s
GNU C17 (crosstool-NG UNKNOWN) version 8.3.0 (arm-raspbian-linux-gnueabihf)
	compiled by GNU C version 9.3.0, GMP version 6.1.2, MPFR version 3.1.6, MPC version 1.0.3, isl version isl-0.18-GMP

GGC heuristics: --param ggc-min-expand=100 --param ggc-min-heapsize=131072
ignoring nonexistent directory "/home/david/arm-cross-comp-env/arm-raspbian-linux-gnueabihf/arm-raspbian-linux-gnueabihf/sysroot/home/david/arm-cross-comp-env/arm-raspbian-linux-gnueabihf/arm-raspbian-linux-gnueabihf/sysroot/include/arm-linux-gnueabihf"
ignoring nonexistent directory "/home/david/arm-cross-comp-env/arm-raspbian-linux-gnueabihf/arm-raspbian-linux-gnueabihf/sysroot/home/david/arm-cross-comp-env/arm-raspbian-linux-gnueabihf/arm-raspbian-linux-gnueabihf/sysroot/include"
ignoring nonexistent directory "/home/david/arm-cross-comp-env/arm-raspbian-linux-gnueabihf/lib/gcc/arm-raspbian-linux-gnueabihf/8.3.0/../../../../arm-raspbian-linux-gnueabihf/include"
#include "..." search starts here:
#include <...> search starts here:
 /home/david/arm-cross-comp-env/arm-raspbian-linux-gnueabihf/lib/gcc/arm-raspbian-linux-gnueabihf/8.3.0/include
 /home/david/arm-cross-comp-env/arm-raspbian-linux-gnueabihf/lib/gcc/arm-raspbian-linux-gnueabihf/8.3.0/include-fixed
 /home/david/arm-cross-comp-env/arm-raspbian-linux-gnueabihf/arm-raspbian-linux-gnueabihf/sysroot/usr/include/arm-linux-gnueabihf
 /home/david/arm-cross-comp-env/arm-raspbian-linux-gnueabihf/arm-raspbian-linux-gnueabihf/sysroot/usr/include
End of search list.
GNU C17 (crosstool-NG UNKNOWN) version 8.3.0 (arm-raspbian-linux-gnueabihf)
	compiled by GNU C version 9.3.0, GMP version 6.1.2, MPFR version 3.1.6, MPC version 1.0.3, isl version isl-0.18-GMP

GGC heuristics: --param ggc-min-expand=100 --param ggc-min-heapsize=131072
Compiler executable checksum: e74bafbe8339be2f485c8d5692fc13af
COLLECT_GCC_OPTIONS='-v' '-o' 'CMakeFiles/cmTC_74077.dir/CMakeCCompilerABI.c.o' '-c'  '-mfloat-abi=hard' '-mfpu=vfp' '-mtls-dialect=gnu' '-marm' '-march=armv6+fp'
 /home/david/arm-cross-comp-env/arm-raspbian-linux-gnueabihf/lib/gcc/arm-raspbian-linux-gnueabihf/8.3.0/../../../../arm-raspbian-linux-gnueabihf/bin/as -v -march=armv6 -mfloat-abi=hard -mfpu=vfp -meabi=5 -o CMakeFiles/cmTC_74077.dir/CMakeCCompilerABI.c.o /tmp/ccH0SqQS.s
GNU assembler version 2.28.1 (arm-raspbian-linux-gnueabihf) using BFD version (crosstool-NG UNKNOWN) 2.28.1
COMPILER_PATH=/home/david/arm-cross-comp-env/arm-raspbian-linux-gnueabihf/libexec/gcc/arm-raspbian-linux-gnueabihf/8.3.0/:/home/david/arm-cross-comp-env/arm-raspbian-linux-gnueabihf/libexec/gcc/arm-raspbian-linux-gnueabihf/8.3.0/:/home/david/arm-cross-comp-env/arm-raspbian-linux-gnueabihf/libexec/gcc/arm-raspbian-linux-gnueabihf/:/home/david/arm-cross-comp-env/arm-raspbian-linux-gnueabihf/lib/gcc/arm-raspbian-linux-gnueabihf/8.3.0/:/home/david/arm-cross-comp-env/arm-raspbian-linux-gnueabihf/lib/gcc/arm-raspbian-linux-gnueabihf/:/home/david/arm-cross-comp-env/arm-raspbian-linux-gnueabihf/lib/gcc/arm-raspbian-linux-gnueabihf/8.3.0/../../../../arm-raspbian-linux-gnueabihf/bin/
LIBRARY_PATH=/home/david/arm-cross-comp-env/arm-raspbian-linux-gnueabihf/lib/gcc/arm-raspbian-linux-gnueabihf/8.3.0/:/home/david/arm-cross-comp-env/arm-raspbian-linux-gnueabihf/arm-raspbian-linux-gnueabihf/sysroot/lib/arm-linux-gnueabihf/:/home/david/arm-cross-comp-env/arm-raspbian-linux-gnueabihf/arm-raspbian-linux-gnueabihf/sysroot/lib/:/home/david/arm-cross-comp-env/arm-raspbian-linux-gnueabihf/arm-raspbian-linux-gnueabihf/sysroot/usr/lib/arm-linux-gnueabihf/:/home/david/arm-cross-comp-env/arm-raspbian-linux-gnueabihf/arm-raspbian-linux-gnueabihf/sysroot/usr/lib/
COLLECT_GCC_OPTIONS='-v' '-o' 'CMakeFiles/cmTC_74077.dir/CMakeCCompilerABI.c.o' '-c'  '-mfloat-abi=hard' '-mfpu=vfp' '-mtls-dialect=gnu' '-marm' '-march=armv6+fp'
Linking C executable cmTC_74077
/usr/bin/cmake -E cmake_link_script CMakeFiles/cmTC_74077.dir/link.txt --verbose=1
/home/david/arm-cross-comp-env/arm-raspbian-linux-gnueabihf/bin/arm-raspbian-linux-gnueabihf-gcc --sysroot=/home/david/arm-cross-comp-env/arm-raspbian-linux-gnueabihf/arm-raspbian-linux-gnueabihf/sysroot -Wl,-rpath-link,/home/david/arm-cross-comp-env/arm-raspbian-linux-gnueabihf/arm-raspbian-linux-gnueabihf/sysroot/opt/vc/lib -Wl,-rpath-link,/home/david/arm-cross-comp-env/arm-raspbian-linux-gnueabihf/arm-raspbian-linux-gnueabihf/sysroot/lib/arm-linux-gnueabihf -Wl,-rpath-link,/home/david/arm-cross-comp-env/arm-raspbian-linux-gnueabihf/arm-raspbian-linux-gnueabihf/sysroot/usr/lib/arm-linux-gnueabihf -Wl,-rpath-link,/home/david/arm-cross-comp-env/arm-raspbian-linux-gnueabihf/arm-raspbian-linux-gnueabihf/sysroot/usr/local/lib    -v -rdynamic CMakeFiles/cmTC_74077.dir/CMakeCCompilerABI.c.o  -o cmTC_74077 
Using built-in specs.
COLLECT_GCC=/home/david/arm-cross-comp-env/arm-raspbian-linux-gnueabihf/bin/arm-raspbian-linux-gnueabihf-gcc
COLLECT_LTO_WRAPPER=/home/david/arm-cross-comp-env/arm-raspbian-linux-gnueabihf/libexec/gcc/arm-raspbian-linux-gnueabihf/8.3.0/lto-wrapper
Target: arm-raspbian-linux-gnueabihf
Configured with: /home/david/ct-config-rpi-zero/.build/arm-raspbian-linux-gnueabihf/src/gcc/configure --build=x86_64-build_pc-linux-gnu --host=x86_64-build_pc-linux-gnu --target=arm-raspbian-linux-gnueabihf --prefix=/home/david/arm-cross-comp-env/arm-raspbian-linux-gnueabihf --with-sysroot=/home/david/arm-cross-comp-env/arm-raspbian-linux-gnueabihf/arm-raspbian-linux-gnueabihf/sysroot --enable-languages=c,c++ --with-pkgversion='crosstool-NG UNKNOWN' --enable-__cxa_atexit --enable-libmudflap --enable-libgomp --enable-libssp --enable-libquadmath --enable-libquadmath-support --enable-libsanitizer --disable-libmpx --with-gmp=/home/david/ct-config-rpi-zero/.build/arm-raspbian-linux-gnueabihf/buildtools --with-mpfr=/home/david/ct-config-rpi-zero/.build/arm-raspbian-linux-gnueabihf/buildtools --with-mpc=/home/david/ct-config-rpi-zero/.build/arm-raspbian-linux-gnueabihf/buildtools --with-isl=/home/david/ct-config-rpi-zero/.build/arm-raspbian-linux-gnueabihf/buildtools --enable-lto --with-host-libstdcxx='-static-libgcc -Wl,-Bstatic,-lstdc++,-Bdynamic -lm' --enable-threads=posix --disable-plugin --disable-nls --enable-multiarch --with-local-prefix=/home/david/arm-cross-comp-env/arm-raspbian-linux-gnueabihf/arm-raspbian-linux-gnueabihf/sysroot --enable-long-long --with-arch=armv6 --with-float=hard --with-fpu=vfp --enable-libstdcxx-debug --enable-libstdcxx-time=yes --enable-version-specific-runtime-libs
Thread model: posix
gcc version 8.3.0 (crosstool-NG UNKNOWN) 
COMPILER_PATH=/home/david/arm-cross-comp-env/arm-raspbian-linux-gnueabihf/libexec/gcc/arm-raspbian-linux-gnueabihf/8.3.0/:/home/david/arm-cross-comp-env/arm-raspbian-linux-gnueabihf/libexec/gcc/arm-raspbian-linux-gnueabihf/8.3.0/:/home/david/arm-cross-comp-env/arm-raspbian-linux-gnueabihf/libexec/gcc/arm-raspbian-linux-gnueabihf/:/home/david/arm-cross-comp-env/arm-raspbian-linux-gnueabihf/lib/gcc/arm-raspbian-linux-gnueabihf/8.3.0/:/home/david/arm-cross-comp-env/arm-raspbian-linux-gnueabihf/lib/gcc/arm-raspbian-linux-gnueabihf/:/home/david/arm-cross-comp-env/arm-raspbian-linux-gnueabihf/lib/gcc/arm-raspbian-linux-gnueabihf/8.3.0/../../../../arm-raspbian-linux-gnueabihf/bin/
LIBRARY_PATH=/home/david/arm-cross-comp-env/arm-raspbian-linux-gnueabihf/lib/gcc/arm-raspbian-linux-gnueabihf/8.3.0/:/home/david/arm-cross-comp-env/arm-raspbian-linux-gnueabihf/arm-raspbian-linux-gnueabihf/sysroot/lib/arm-linux-gnueabihf/:/home/david/arm-cross-comp-env/arm-raspbian-linux-gnueabihf/arm-raspbian-linux-gnueabihf/sysroot/lib/:/home/david/arm-cross-comp-env/arm-raspbian-linux-gnueabihf/arm-raspbian-linux-gnueabihf/sysroot/usr/lib/arm-linux-gnueabihf/:/home/david/arm-cross-comp-env/arm-raspbian-linux-gnueabihf/arm-raspbian-linux-gnueabihf/sysroot/usr/lib/
COLLECT_GCC_OPTIONS='-v' '-rdynamic' '-o' 'cmTC_74077'  '-mfloat-abi=hard' '-mfpu=vfp' '-mtls-dialect=gnu' '-marm' '-march=armv6+fp'
 /home/david/arm-cross-comp-env/arm-raspbian-linux-gnueabihf/libexec/gcc/arm-raspbian-linux-gnueabihf/8.3.0/collect2 -plugin /home/david/arm-cross-comp-env/arm-raspbian-linux-gnueabihf/libexec/gcc/arm-raspbian-linux-gnueabihf/8.3.0/liblto_plugin.so -plugin-opt=/home/david/arm-cross-comp-env/arm-raspbian-linux-gnueabihf/libexec/gcc/arm-raspbian-linux-gnueabihf/8.3.0/lto-wrapper -plugin-opt=-fresolution=/tmp/ccCHOUri.res -plugin-opt=-pass-through=-lgcc -plugin-opt=-pass-through=-lgcc_s -plugin-opt=-pass-through=-lc -plugin-opt=-pass-through=-lgcc -plugin-opt=-pass-through=-lgcc_s --sysroot=/home/david/arm-cross-comp-env/arm-raspbian-linux-gnueabihf/arm-raspbian-linux-gnueabihf/sysroot --eh-frame-hdr -export-dynamic -dynamic-linker /lib/ld-linux-armhf.so.3 -X -m armelf_linux_eabi -o cmTC_74077 /home/david/arm-cross-comp-env/arm-raspbian-linux-gnueabihf/arm-raspbian-linux-gnueabihf/sysroot/usr/lib/arm-linux-gnueabihf/crt1.o /home/david/arm-cross-comp-env/arm-raspbian-linux-gnueabihf/arm-raspbian-linux-gnueabihf/sysroot/usr/lib/arm-linux-gnueabihf/crti.o /home/david/arm-cross-comp-env/arm-raspbian-linux-gnueabihf/lib/gcc/arm-raspbian-linux-gnueabihf/8.3.0/crtbegin.o -L/home/david/arm-cross-comp-env/arm-raspbian-linux-gnueabihf/lib/gcc/arm-raspbian-linux-gnueabihf/8.3.0 -L/home/david/arm-cross-comp-env/arm-raspbian-linux-gnueabihf/arm-raspbian-linux-gnueabihf/sysroot/lib/arm-linux-gnueabihf -L/home/david/arm-cross-comp-env/arm-raspbian-linux-gnueabihf/arm-raspbian-linux-gnueabihf/sysroot/lib -L/home/david/arm-cross-comp-env/arm-raspbian-linux-gnueabihf/arm-raspbian-linux-gnueabihf/sysroot/usr/lib/arm-linux-gnueabihf -L/home/david/arm-cross-comp-env/arm-raspbian-linux-gnueabihf/arm-raspbian-linux-gnueabihf/sysroot/usr/lib -rpath-link /home/david/arm-cross-comp-env/arm-raspbian-linux-gnueabihf/arm-raspbian-linux-gnueabihf/sysroot/opt/vc/lib -rpath-link /home/david/arm-cross-comp-env/arm-raspbian-linux-gnueabihf/arm-raspbian-linux-gnueabihf/sysroot/lib/arm-linux-gnueabihf -rpath-link /home/david/arm-cross-comp-env/arm-raspbian-linux-gnueabihf/arm-raspbian-linux-gnueabihf/sysroot/usr/lib/arm-linux-gnueabihf -rpath-link /home/david/arm-cross-comp-env/arm-raspbian-linux-gnueabihf/arm-raspbian-linux-gnueabihf/sysroot/usr/local/lib CMakeFiles/cmTC_74077.dir/CMakeCCompilerABI.c.o -lgcc --as-needed -lgcc_s --no-as-needed -lc -lgcc --as-needed -lgcc_s --no-as-needed /home/david/arm-cross-comp-env/arm-raspbian-linux-gnueabihf/lib/gcc/arm-raspbian-linux-gnueabihf/8.3.0/crtend.o /home/david/arm-cross-comp-env/arm-raspbian-linux-gnueabihf/arm-raspbian-linux-gnueabihf/sysroot/usr/lib/arm-linux-gnueabihf/crtn.o
COLLECT_GCC_OPTIONS='-v' '-rdynamic' '-o' 'cmTC_74077'  '-mfloat-abi=hard' '-mfpu=vfp' '-mtls-dialect=gnu' '-marm' '-march=armv6+fp'
make[1]: Leaving directory '/home/david/setr-tp5/serveur/build/CMakeFiles/CMakeTmp'



Parsed C implicit include dir info from above output: rv=done
  found start of include info
  found start of implicit include info
    add: [/home/david/arm-cross-comp-env/arm-raspbian-linux-gnueabihf/lib/gcc/arm-raspbian-linux-gnueabihf/8.3.0/include]
    add: [/home/david/arm-cross-comp-env/arm-raspbian-linux-gnueabihf/lib/gcc/arm-raspbian-linux-gnueabihf/8.3.0/include-fixed]
    add: [/home/david/arm-cross-comp-env/arm-raspbian-linux-gnueabihf/arm-raspbian-linux-gnueabihf/sysroot/usr/include/arm-linux-gnueabihf]
    add: [/home/david/arm-cross-comp-env/arm-raspbian-linux-gnueabihf/arm-raspbian-linux-gnueabihf/sysroot/usr/include]
  end of search list found
  collapse include dir [/home/david/arm-cross-comp-env/arm-raspbian-linux-gnueabihf/lib/gcc/arm-raspbian-linux-gnueabihf/8.3.0/include] ==> [/home/david/arm-cross-comp-env/arm-raspbian-linux-gnueabihf/lib/gcc/arm-raspbian-linux-gnueabihf/8.3.0/include]
  collapse include dir [/home/david/arm-cross-comp-env/arm-raspbian-linux-gnueabihf/lib/gcc/arm-raspbian-linux-gnueabihf/8.3.0/include-fixed] ==> [/home/david/arm-cross-comp-env/arm-raspbian-linux-gnueabihf/lib/gcc/arm-raspbian-linux-gnueabihf/8.3.0/include-fixed]
  collapse include dir [/home/david/arm-cross-comp-env/arm-raspbian-linux-gnueabihf/arm-raspbian-linux-gnueabihf/sysroot/usr/include/arm-linux-gnueabihf] ==> [/home/david/arm-cross-comp-env/arm-raspbian-linux-gnueabihf/arm-raspbian-linux-gnueabihf/sysroot/usr/include/arm-linux-gnueabihf]
  collapse include dir [/home/david/arm-cross-comp-env/arm-raspbian-linux-gnueabihf/arm-raspbian-linux-gnueabihf/sysroot/usr/include] ==> [/home/david/arm-cross-comp-env/arm-raspbian-linux-gnueabihf/arm-raspbian-linux-gnueabihf/sysroot/usr/include]
  implicit include dirs: [/home/david/arm-cross-comp-env/arm-raspbian-linux-gnueabihf/lib/gcc/arm-raspbian-linux-gnueabihf/8.3.0/include;/home/david/arm-cross-comp-env/arm-raspbian-linux-gnueabihf/lib/gcc/arm-raspbian-linux-gnueabihf/8.3.0/include-fixed;/home/david/arm-cross-comp-env/arm-raspbian-linux-gnueabihf/arm-raspbian-linux-gnueabihf/sysroot/usr/include/arm-linux-gnueabihf;/home/david/arm-cross-comp-env/arm-raspbian-linux-gnueabihf/arm-raspbian-linux-gnueabihf/sysroot/usr/include]


Parsed C implicit link information from above output:
  link line regex: [^( *|.*[/\])(arm-raspbian-linux-gnueabihf-ld|CMAKE_LINK_STARTFILE-NOTFOUND|([^/\]+-)?ld|collect2)[^/\]*( |$)]
  ignore line: [Change Dir: /home/david/setr-tp5/serveur/build/CMakeFiles/CMakeTmp]
  ignore line: []
  ignore line: [Run Build Command(s):/usr/bin/make cmTC_74077/fast && /usr/bin/make  -f CMakeFiles/cmTC_74077.dir/build.make CMakeFiles/cmTC_74077.dir/build]
  ignore line: [make[1]: Entering directory '/home/david/setr-tp5/serveur/build/CMakeFiles/CMakeTmp']
  ignore line: [Building C object CMakeFiles/cmTC_74077.dir/CMakeCCompilerABI.c.o]
  ignore line: [/home/david/arm-cross-comp-env/arm-raspbian-linux-gnueabihf/bin/arm-raspbian-linux-gnueabihf-gcc --sysroot=/home/david/arm-cross-comp-env/arm-raspbian-linux-gnueabihf/arm-raspbian-linux-gnueabihf/sysroot   -Wl -rpath-link /home/david/arm-cross-comp-env/arm-raspbian-linux-gnueabihf/arm-raspbian-linux-gnueabihf/sysroot/opt/vc/lib -Wl -rpath-link /home/david/arm-cross-comp-env/arm-raspbian-linux-gnueabihf/arm-raspbian-linux-gnueabihf/sysroot/lib/arm-linux-gnueabihf -Wl -rpath-link /home/david/arm-cross-comp-env/arm-raspbian-linux-gnueabihf/arm-raspbian-linux-gnueabihf/sysroot/usr/lib/arm-linux-gnueabihf -Wl -rpath-link /home/david/arm-cross-comp-env/arm-raspbian-linux-gnueabihf/arm-raspbian-linux-gnueabihf/sysroot/usr/local/lib    -v -o CMakeFiles/cmTC_74077.dir/CMakeCCompilerABI.c.o   -c /usr/share/cmake-3.17/Modules/CMakeCCompilerABI.c]
  ignore line: [Using built-in specs.]
  ignore line: [COLLECT_GCC=/home/david/arm-cross-comp-env/arm-raspbian-linux-gnueabihf/bin/arm-raspbian-linux-gnueabihf-gcc]
  ignore line: [Target: arm-raspbian-linux-gnueabihf]
  ignore line: [Configured with: /home/david/ct-config-rpi-zero/.build/arm-raspbian-linux-gnueabihf/src/gcc/configure --build=x86_64-build_pc-linux-gnu --host=x86_64-build_pc-linux-gnu --target=arm-raspbian-linux-gnueabihf --prefix=/home/david/arm-cross-comp-env/arm-raspbian-linux-gnueabihf --with-sysroot=/home/david/arm-cross-comp-env/arm-raspbian-linux-gnueabihf/arm-raspbian-linux-gnueabihf/sysroot --enable-languages=c c++ --with-pkgversion='crosstool-NG UNKNOWN' --enable-__cxa_atexit --enable-libmudflap --enable-libgomp --enable-libssp --enable-libquadmath --enable-libquadmath-support --enable-libsanitizer --disable-libmpx --with-gmp=/home/david/ct-config-rpi-zero/.build/arm-raspbian-linux-gnueabihf/buildtools --with-mpfr=/home/david/ct-config-rpi-zero/.build/arm-raspbian-linux-gnueabihf/buildtools --with-mpc=/home/david/ct-config-rpi-zero/.build/arm-raspbian-linux-gnueabihf/buildtools --with-isl=/home/david/ct-config-rpi-zero/.build/arm-raspbian-linux-gnueabihf/buildtools --enable-lto --with-host-libstdcxx='-static-libgcc -Wl -Bstatic -lstdc++ -Bdynamic -lm' --enable-threads=posix --disable-plugin --disable-nls --enable-multiarch --with-local-prefix=/home/david/arm-cross-comp-env/arm-raspbian-linux-gnueabihf/arm-raspbian-linux-gnueabihf/sysroot --enable-long-long --with-arch=armv6 --with-float=hard --with-fpu=vfp --enable-libstdcxx-debug --enable-libstdcxx-time=yes --enable-version-specific-runtime-libs]
  ignore line: [Thread model: posix]
  ignore line: [gcc version 8.3.0 (crosstool-NG UNKNOWN) ]
  ignore line: [COLLECT_GCC_OPTIONS='-v' '-o' 'CMakeFiles/cmTC_74077.dir/CMakeCCompilerABI.c.o' '-c'  '-mfloat-abi=hard' '-mfpu=vfp' '-mtls-dialect=gnu' '-marm' '-march=armv6+fp']
  ignore line: [ /home/david/arm-cross-comp-env/arm-raspbian-linux-gnueabihf/libexec/gcc/arm-raspbian-linux-gnueabihf/8.3.0/cc1 -quiet -v -imultilib . -imultiarch arm-linux-gnueabihf -isysroot /home/david/arm-cross-comp-env/arm-raspbian-linux-gnueabihf/arm-raspbian-linux-gnueabihf/sysroot /usr/share/cmake-3.17/Modules/CMakeCCompilerABI.c -quiet -dumpbase CMakeCCompilerABI.c -mfloat-abi=hard -mfpu=vfp -mtls-dialect=gnu -marm -march=armv6+fp -auxbase-strip CMakeFiles/cmTC_74077.dir/CMakeCCompilerABI.c.o -version -o /tmp/ccH0SqQS.s]
  ignore line: [GNU C17 (crosstool-NG UNKNOWN) version 8.3.0 (arm-raspbian-linux-gnueabihf)]
  ignore line: [	compiled by GNU C version 9.3.0  GMP version 6.1.2  MPFR version 3.1.6  MPC version 1.0.3  isl version isl-0.18-GMP]
  ignore line: []
  ignore line: [GGC heuristics: --param ggc-min-expand=100 --param ggc-min-heapsize=131072]
  ignore line: [ignoring nonexistent directory "/home/david/arm-cross-comp-env/arm-raspbian-linux-gnueabihf/arm-raspbian-linux-gnueabihf/sysroot/home/david/arm-cross-comp-env/arm-raspbian-linux-gnueabihf/arm-raspbian-linux-gnueabihf/sysroot/include/arm-linux-gnueabihf"]
  ignore line: [ignoring nonexistent directory "/home/david/arm-cross-comp-env/arm-raspbian-linux-gnueabihf/arm-raspbian-linux-gnueabihf/sysroot/home/david/arm-cross-comp-env/arm-raspbian-linux-gnueabihf/arm-raspbian-linux-gnueabihf/sysroot/include"]
  ignore line: [ignoring nonexistent directory "/home/david/arm-cross-comp-env/arm-raspbian-linux-gnueabihf/lib/gcc/arm-raspbian-linux-gnueabihf/8.3.0/../../../../arm-raspbian-linux-gnueabihf/include"]
  ignore line: [#include "..." search starts here:]
  ignore line: [#include <...> search starts here:]
  ignore line: [ /home/david/arm-cross-comp-env/arm-raspbian-linux-gnueabihf/lib/gcc/arm-raspbian-linux-gnueabihf/8.3.0/include]
  ignore line: [ /home/david/arm-cross-comp-env/arm-raspbian-linux-gnueabihf/lib/gcc/arm-raspbian-linux-gnueabihf/8.3.0/include-fixed]
  ignore line: [ /home/david/arm-cross-comp-env/arm-raspbian-linux-gnueabihf/arm-raspbian-linux-gnueabihf/sysroot/usr/include/arm-linux-gnueabihf]
  ignore line: [ /home/david/arm-cross-comp-env/arm-raspbian-linux-gnueabihf/arm-raspbian-linux-gnueabihf/sysroot/usr/include]
  ignore line: [End of search list.]
  ignore line: [GNU C17 (crosstool-NG UNKNOWN) version 8.3.0 (arm-raspbian-linux-gnueabihf)]
  ignore line: [	compiled by GNU C version 9.3.0  GMP version 6.1.2  MPFR version 3.1.6  MPC version 1.0.3  isl version isl-0.18-GMP]
  ignore line: []
  ignore line: [GGC heuristics: --param ggc-min-expand=100 --param ggc-min-heapsize=131072]
  ignore line: [Compiler executable checksum: e74bafbe8339be2f485c8d5692fc13af]
  ignore line: [COLLECT_GCC_OPTIONS='-v' '-o' 'CMakeFiles/cmTC_74077.dir/CMakeCCompilerABI.c.o' '-c'  '-mfloat-abi=hard' '-mfpu=vfp' '-mtls-dialect=gnu' '-marm' '-march=armv6+fp']
  ignore line: [ /home/david/arm-cross-comp-env/arm-raspbian-linux-gnueabihf/lib/gcc/arm-raspbian-linux-gnueabihf/8.3.0/../../../../arm-raspbian-linux-gnueabihf/bin/as -v -march=armv6 -mfloat-abi=hard -mfpu=vfp -meabi=5 -o CMakeFiles/cmTC_74077.dir/CMakeCCompilerABI.c.o /tmp/ccH0SqQS.s]
  ignore line: [GNU assembler version 2.28.1 (arm-raspbian-linux-gnueabihf) using BFD version (crosstool-NG UNKNOWN) 2.28.1]
  ignore line: [COMPILER_PATH=/home/david/arm-cross-comp-env/arm-raspbian-linux-gnueabihf/libexec/gcc/arm-raspbian-linux-gnueabihf/8.3.0/:/home/david/arm-cross-comp-env/arm-raspbian-linux-gnueabihf/libexec/gcc/arm-raspbian-linux-gnueabihf/8.3.0/:/home/david/arm-cross-comp-env/arm-raspbian-linux-gnueabihf/libexec/gcc/arm-raspbian-linux-gnueabihf/:/home/david/arm-cross-comp-env/arm-raspbian-linux-gnueabihf/lib/gcc/arm-raspbian-linux-gnueabihf/8.3.0/:/home/david/arm-cross-comp-env/arm-raspbian-linux-gnueabihf/lib/gcc/arm-raspbian-linux-gnueabihf/:/home/david/arm-cross-comp-env/arm-raspbian-linux-gnueabihf/lib/gcc/arm-raspbian-linux-gnueabihf/8.3.0/../../../../arm-raspbian-linux-gnueabihf/bin/]
  ignore line: [LIBRARY_PATH=/home/david/arm-cross-comp-env/arm-raspbian-linux-gnueabihf/lib/gcc/arm-raspbian-linux-gnueabihf/8.3.0/:/home/david/arm-cross-comp-env/arm-raspbian-linux-gnueabihf/arm-raspbian-linux-gnueabihf/sysroot/lib/arm-linux-gnueabihf/:/home/david/arm-cross-comp-env/arm-raspbian-linux-gnueabihf/arm-raspbian-linux-gnueabihf/sysroot/lib/:/home/david/arm-cross-comp-env/arm-raspbian-linux-gnueabihf/arm-raspbian-linux-gnueabihf/sysroot/usr/lib/arm-linux-gnueabihf/:/home/david/arm-cross-comp-env/arm-raspbian-linux-gnueabihf/arm-raspbian-linux-gnueabihf/sysroot/usr/lib/]
  ignore line: [COLLECT_GCC_OPTIONS='-v' '-o' 'CMakeFiles/cmTC_74077.dir/CMakeCCompilerABI.c.o' '-c'  '-mfloat-abi=hard' '-mfpu=vfp' '-mtls-dialect=gnu' '-marm' '-march=armv6+fp']
  ignore line: [Linking C executable cmTC_74077]
  ignore line: [/usr/bin/cmake -E cmake_link_script CMakeFiles/cmTC_74077.dir/link.txt --verbose=1]
  ignore line: [/home/david/arm-cross-comp-env/arm-raspbian-linux-gnueabihf/bin/arm-raspbian-linux-gnueabihf-gcc --sysroot=/home/david/arm-cross-comp-env/arm-raspbian-linux-gnueabihf/arm-raspbian-linux-gnueabihf/sysroot -Wl -rpath-link /home/david/arm-cross-comp-env/arm-raspbian-linux-gnueabihf/arm-raspbian-linux-gnueabihf/sysroot/opt/vc/lib -Wl -rpath-link /home/david/arm-cross-comp-env/arm-raspbian-linux-gnueabihf/arm-raspbian-linux-gnueabihf/sysroot/lib/arm-linux-gnueabihf -Wl -rpath-link /home/david/arm-cross-comp-env/arm-raspbian-linux-gnueabihf/arm-raspbian-linux-gnueabihf/sysroot/usr/lib/arm-linux-gnueabihf -Wl -rpath-link /home/david/arm-cross-comp-env/arm-raspbian-linux-gnueabihf/arm-raspbian-linux-gnueabihf/sysroot/usr/local/lib    -v -rdynamic CMakeFiles/cmTC_74077.dir/CMakeCCompilerABI.c.o  -o cmTC_74077 ]
  ignore line: [Using built-in specs.]
  ignore line: [COLLECT_GCC=/home/david/arm-cross-comp-env/arm-raspbian-linux-gnueabihf/bin/arm-raspbian-linux-gnueabihf-gcc]
  ignore line: [COLLECT_LTO_WRAPPER=/home/david/arm-cross-comp-env/arm-raspbian-linux-gnueabihf/libexec/gcc/arm-raspbian-linux-gnueabihf/8.3.0/lto-wrapper]
  ignore line: [Target: arm-raspbian-linux-gnueabihf]
  ignore line: [Configured with: /home/david/ct-config-rpi-zero/.build/arm-raspbian-linux-gnueabihf/src/gcc/configure --build=x86_64-build_pc-linux-gnu --host=x86_64-build_pc-linux-gnu --target=arm-raspbian-linux-gnueabihf --prefix=/home/david/arm-cross-comp-env/arm-raspbian-linux-gnueabihf --with-sysroot=/home/david/arm-cross-comp-env/arm-raspbian-linux-gnueabihf/arm-raspbian-linux-gnueabihf/sysroot --enable-languages=c c++ --with-pkgversion='crosstool-NG UNKNOWN' --enable-__cxa_atexit --enable-libmudflap --enable-libgomp --enable-libssp --enable-libquadmath --enable-libquadmath-support --enable-libsanitizer --disable-libmpx --with-gmp=/home/david/ct-config-rpi-zero/.build/arm-raspbian-linux-gnueabihf/buildtools --with-mpfr=/home/david/ct-config-rpi-zero/.build/arm-raspbian-linux-gnueabihf/buildtools --with-mpc=/home/david/ct-config-rpi-zero/.build/arm-raspbian-linux-gnueabihf/buildtools --with-isl=/home/david/ct-config-rpi-zero/.build/arm-raspbian-linux-gnueabihf/buildtools --enable-lto --with-host-libstdcxx='-static-libgcc -Wl -Bstatic -lstdc++ -Bdynamic -lm' --enable-threads=posix --disable-plugin --disable-nls --enable-multiarch --with-local-prefix=/home/david/arm-cross-comp-env/arm-raspbian-linux-gnueabihf/arm-raspbian-linux-gnueabihf/sysroot --enable-long-long --with-arch=armv6 --with-float=hard --with-fpu=vfp --enable-libstdcxx-debug --enable-libstdcxx-time=yes --enable-version-specific-runtime-libs]
  ignore line: [Thread model: posix]
  ignore line: [gcc version 8.3.0 (crosstool-NG UNKNOWN) ]
  ignore line: [COMPILER_PATH=/home/david/arm-cross-comp-env/arm-raspbian-linux-gnueabihf/libexec/gcc/arm-raspbian-linux-gnueabihf/8.3.0/:/home/david/arm-cross-comp-env/arm-raspbian-linux-gnueabihf/libexec/gcc/arm-raspbian-linux-gnueabihf/8.3.0/:/home/david/arm-cross-comp-env/arm-raspbian-linux-gnueabihf/libexec/gcc/arm-raspbian-linux-gnueabihf/:/home/david/arm-cross-comp-env/arm-raspbian-linux-gnueabihf/lib/gcc/arm-raspbian-linux-gnueabihf/8.3.0/:/home/david/arm-cross-comp-env/arm-raspbian-linux-gnueabihf/lib/gcc/arm-raspbian-linux-gnueabihf/:/home/david/arm-cross-comp-env/arm-raspbian-linux-gnueabihf/lib/gcc/arm-raspbian-linux-gnueabihf/8.3.0/../../../../arm-raspbian-linux-gnueabihf/bin/]
  ignore line: [LIBRARY_PATH=/home/david/arm-cross-comp-env/arm-raspbian-linux-gnueabihf/lib/gcc/arm-raspbian-linux-gnueabihf/8.3.0/:/home/david/arm-cross-comp-env/arm-raspbian-linux-gnueabihf/arm-raspbian-linux-gnueabihf/sysroot/lib/arm-linux-gnueabihf/:/home/david/arm-cross-comp-env/arm-raspbian-linux-gnueabihf/arm-raspbian-linux-gnueabihf/sysroot/lib/:/home/david/arm-cross-comp-env/arm-raspbian-linux-gnueabihf/arm-raspbian-linux-gnueabihf/sysroot/usr/lib/arm-linux-gnueabihf/:/home/david/arm-cross-comp-env/arm-raspbian-linux-gnueabihf/arm-raspbian-linux-gnueabihf/sysroot/usr/lib/]
  ignore line: [COLLECT_GCC_OPTIONS='-v' '-rdynamic' '-o' 'cmTC_74077'  '-mfloat-abi=hard' '-mfpu=vfp' '-mtls-dialect=gnu' '-marm' '-march=armv6+fp']
  link line: [ /home/david/arm-cross-comp-env/arm-raspbian-linux-gnueabihf/libexec/gcc/arm-raspbian-linux-gnueabihf/8.3.0/collect2 -plugin /home/david/arm-cross-comp-env/arm-raspbian-linux-gnueabihf/libexec/gcc/arm-raspbian-linux-gnueabihf/8.3.0/liblto_plugin.so -plugin-opt=/home/david/arm-cross-comp-env/arm-raspbian-linux-gnueabihf/libexec/gcc/arm-raspbian-linux-gnueabihf/8.3.0/lto-wrapper -plugin-opt=-fresolution=/tmp/ccCHOUri.res -plugin-opt=-pass-through=-lgcc -plugin-opt=-pass-through=-lgcc_s -plugin-opt=-pass-through=-lc -plugin-opt=-pass-through=-lgcc -plugin-opt=-pass-through=-lgcc_s --sysroot=/home/david/arm-cross-comp-env/arm-raspbian-linux-gnueabihf/arm-raspbian-linux-gnueabihf/sysroot --eh-frame-hdr -export-dynamic -dynamic-linker /lib/ld-linux-armhf.so.3 -X -m armelf_linux_eabi -o cmTC_74077 /home/david/arm-cross-comp-env/arm-raspbian-linux-gnueabihf/arm-raspbian-linux-gnueabihf/sysroot/usr/lib/arm-linux-gnueabihf/crt1.o /home/david/arm-cross-comp-env/arm-raspbian-linux-gnueabihf/arm-raspbian-linux-gnueabihf/sysroot/usr/lib/arm-linux-gnueabihf/crti.o /home/david/arm-cross-comp-env/arm-raspbian-linux-gnueabihf/lib/gcc/arm-raspbian-linux-gnueabihf/8.3.0/crtbegin.o -L/home/david/arm-cross-comp-env/arm-raspbian-linux-gnueabihf/lib/gcc/arm-raspbian-linux-gnueabihf/8.3.0 -L/home/david/arm-cross-comp-env/arm-raspbian-linux-gnueabihf/arm-raspbian-linux-gnueabihf/sysroot/lib/arm-linux-gnueabihf -L/home/david/arm-cross-comp-env/arm-raspbian-linux-gnueabihf/arm-raspbian-linux-gnueabihf/sysroot/lib -L/home/david/arm-cross-comp-env/arm-raspbian-linux-gnueabihf/arm-raspbian-linux-gnueabihf/sysroot/usr/lib/arm-linux-gnueabihf -L/home/david/arm-cross-comp-env/arm-raspbian-linux-gnueabihf/arm-raspbian-linux-gnueabihf/sysroot/usr/lib -rpath-link /home/david/arm-cross-comp-env/arm-raspbian-linux-gnueabihf/arm-raspbian-linux-gnueabihf/sysroot/opt/vc/lib -rpath-link /home/david/arm-cross-comp-env/arm-raspbian-linux-gnueabihf/arm-raspbian-linux-gnueabihf/sysroot/lib/arm-linux-gnueabihf -rpath-link /home/david/arm-cross-comp-env/arm-raspbian-linux-gnueabihf/arm-raspbian-linux-gnueabihf/sysroot/usr/lib/arm-linux-gnueabihf -rpath-link /home/david/arm-cross-comp-env/arm-raspbian-linux-gnueabihf/arm-raspbian-linux-gnueabihf/sysroot/usr/local/lib CMakeFiles/cmTC_74077.dir/CMakeCCompilerABI.c.o -lgcc --as-needed -lgcc_s --no-as-needed -lc -lgcc --as-needed -lgcc_s --no-as-needed /home/david/arm-cross-comp-env/arm-raspbian-linux-gnueabihf/lib/gcc/arm-raspbian-linux-gnueabihf/8.3.0/crtend.o /home/david/arm-cross-comp-env/arm-raspbian-linux-gnueabihf/arm-raspbian-linux-gnueabihf/sysroot/usr/lib/arm-linux-gnueabihf/crtn.o]
    arg [/home/david/arm-cross-comp-env/arm-raspbian-linux-gnueabihf/libexec/gcc/arm-raspbian-linux-gnueabihf/8.3.0/collect2] ==> ignore
    arg [-plugin] ==> ignore
    arg [/home/david/arm-cross-comp-env/arm-raspbian-linux-gnueabihf/libexec/gcc/arm-raspbian-linux-gnueabihf/8.3.0/liblto_plugin.so] ==> ignore
    arg [-plugin-opt=/home/david/arm-cross-comp-env/arm-raspbian-linux-gnueabihf/libexec/gcc/arm-raspbian-linux-gnueabihf/8.3.0/lto-wrapper] ==> ignore
    arg [-plugin-opt=-fresolution=/tmp/ccCHOUri.res] ==> ignore
    arg [-plugin-opt=-pass-through=-lgcc] ==> ignore
    arg [-plugin-opt=-pass-through=-lgcc_s] ==> ignore
    arg [-plugin-opt=-pass-through=-lc] ==> ignore
    arg [-plugin-opt=-pass-through=-lgcc] ==> ignore
    arg [-plugin-opt=-pass-through=-lgcc_s] ==> ignore
    arg [--sysroot=/home/david/arm-cross-comp-env/arm-raspbian-linux-gnueabihf/arm-raspbian-linux-gnueabihf/sysroot] ==> ignore
    arg [--eh-frame-hdr] ==> ignore
    arg [-export-dynamic] ==> ignore
    arg [-dynamic-linker] ==> ignore
    arg [/lib/ld-linux-armhf.so.3] ==> ignore
    arg [-X] ==> ignore
    arg [-m] ==> ignore
    arg [armelf_linux_eabi] ==> ignore
    arg [-o] ==> ignore
    arg [cmTC_74077] ==> ignore
    arg [/home/david/arm-cross-comp-env/arm-raspbian-linux-gnueabihf/arm-raspbian-linux-gnueabihf/sysroot/usr/lib/arm-linux-gnueabihf/crt1.o] ==> ignore
    arg [/home/david/arm-cross-comp-env/arm-raspbian-linux-gnueabihf/arm-raspbian-linux-gnueabihf/sysroot/usr/lib/arm-linux-gnueabihf/crti.o] ==> ignore
    arg [/home/david/arm-cross-comp-env/arm-raspbian-linux-gnueabihf/lib/gcc/arm-raspbian-linux-gnueabihf/8.3.0/crtbegin.o] ==> ignore
    arg [-L/home/david/arm-cross-comp-env/arm-raspbian-linux-gnueabihf/lib/gcc/arm-raspbian-linux-gnueabihf/8.3.0] ==> dir [/home/david/arm-cross-comp-env/arm-raspbian-linux-gnueabihf/lib/gcc/arm-raspbian-linux-gnueabihf/8.3.0]
    arg [-L/home/david/arm-cross-comp-env/arm-raspbian-linux-gnueabihf/arm-raspbian-linux-gnueabihf/sysroot/lib/arm-linux-gnueabihf] ==> dir [/home/david/arm-cross-comp-env/arm-raspbian-linux-gnueabihf/arm-raspbian-linux-gnueabihf/sysroot/lib/arm-linux-gnueabihf]
    arg [-L/home/david/arm-cross-comp-env/arm-raspbian-linux-gnueabihf/arm-raspbian-linux-gnueabihf/sysroot/lib] ==> dir [/home/david/arm-cross-comp-env/arm-raspbian-linux-gnueabihf/arm-raspbian-linux-gnueabihf/sysroot/lib]
    arg [-L/home/david/arm-cross-comp-env/arm-raspbian-linux-gnueabihf/arm-raspbian-linux-gnueabihf/sysroot/usr/lib/arm-linux-gnueabihf] ==> dir [/home/david/arm-cross-comp-env/arm-raspbian-linux-gnueabihf/arm-raspbian-linux-gnueabihf/sysroot/usr/lib/arm-linux-gnueabihf]
    arg [-L/home/david/arm-cross-comp-env/arm-raspbian-linux-gnueabihf/arm-raspbian-linux-gnueabihf/sysroot/usr/lib] ==> dir [/home/david/arm-cross-comp-env/arm-raspbian-linux-gnueabihf/arm-raspbian-linux-gnueabihf/sysroot/usr/lib]
    arg [-rpath-link] ==> ignore
    arg [/home/david/arm-cross-comp-env/arm-raspbian-linux-gnueabihf/arm-raspbian-linux-gnueabihf/sysroot/opt/vc/lib] ==> ignore
    arg [-rpath-link] ==> ignore
    arg [/home/david/arm-cross-comp-env/arm-raspbian-linux-gnueabihf/arm-raspbian-linux-gnueabihf/sysroot/lib/arm-linux-gnueabihf] ==> ignore
    arg [-rpath-link] ==> ignore
    arg [/home/david/arm-cross-comp-env/arm-raspbian-linux-gnueabihf/arm-raspbian-linux-gnueabihf/sysroot/usr/lib/arm-linux-gnueabihf] ==> ignore
    arg [-rpath-link] ==> ignore
    arg [/home/david/arm-cross-comp-env/arm-raspbian-linux-gnueabihf/arm-raspbian-linux-gnueabihf/sysroot/usr/local/lib] ==> ignore
    arg [CMakeFiles/cmTC_74077.dir/CMakeCCompilerABI.c.o] ==> ignore
    arg [-lgcc] ==> lib [gcc]
    arg [--as-needed] ==> ignore
    arg [-lgcc_s] ==> lib [gcc_s]
    arg [--no-as-needed] ==> ignore
    arg [-lc] ==> lib [c]
    arg [-lgcc] ==> lib [gcc]
    arg [--as-needed] ==> ignore
    arg [-lgcc_s] ==> lib [gcc_s]
    arg [--no-as-needed] ==> ignore
    arg [/home/david/arm-cross-comp-env/arm-raspbian-linux-gnueabihf/lib/gcc/arm-raspbian-linux-gnueabihf/8.3.0/crtend.o] ==> ignore
    arg [/home/david/arm-cross-comp-env/arm-raspbian-linux-gnueabihf/arm-raspbian-linux-gnueabihf/sysroot/usr/lib/arm-linux-gnueabihf/crtn.o] ==> ignore
  collapse library dir [/home/david/arm-cross-comp-env/arm-raspbian-linux-gnueabihf/lib/gcc/arm-raspbian-linux-gnueabihf/8.3.0] ==> [/home/david/arm-cross-comp-env/arm-raspbian-linux-gnueabihf/lib/gcc/arm-raspbian-linux-gnueabihf/8.3.0]
  collapse library dir [/home/david/arm-cross-comp-env/arm-raspbian-linux-gnueabihf/arm-raspbian-linux-gnueabihf/sysroot/lib/arm-linux-gnueabihf] ==> [/home/david/arm-cross-comp-env/arm-raspbian-linux-gnueabihf/arm-raspbian-linux-gnueabihf/sysroot/lib/arm-linux-gnueabihf]
  collapse library dir [/home/david/arm-cross-comp-env/arm-raspbian-linux-gnueabihf/arm-raspbian-linux-gnueabihf/sysroot/lib] ==> [/home/david/arm-cross-comp-env/arm-raspbian-linux-gnueabihf/arm-raspbian-linux-gnueabihf/sysroot/lib]
  collapse library dir [/home/david/arm-cross-comp-env/arm-raspbian-linux-gnueabihf/arm-raspbian-linux-gnueabihf/sysroot/usr/lib/arm-linux-gnueabihf] ==> [/home/david/arm-cross-comp-env/arm-raspbian-linux-gnueabihf/arm-raspbian-linux-gnueabihf/sysroot/usr/lib/arm-linux-gnueabihf]
  collapse library dir [/home/david/arm-cross-comp-env/arm-raspbian-linux-gnueabihf/arm-raspbian-linux-gnueabihf/sysroot/usr/lib] ==> [/home/david/arm-cross-comp-env/arm-raspbian-linux-gnueabihf/arm-raspbian-linux-gnueabihf/sysroot/usr/lib]
  implicit libs: [gcc;gcc_s;c;gcc;gcc_s]
  implicit dirs: [/home/david/arm-cross-comp-env/arm-raspbian-linux-gnueabihf/lib/gcc/arm-raspbian-linux-gnueabihf/8.3.0;/home/david/arm-cross-comp-env/arm-raspbian-linux-gnueabihf/arm-raspbian-linux-gnueabihf/sysroot/lib/arm-linux-gnueabihf;/home/david/arm-cross-comp-env/arm-raspbian-linux-gnueabihf/arm-raspbian-linux-gnueabihf/sysroot/lib;/home/david/arm-cross-comp-env/arm-raspbian-linux-gnueabihf/arm-raspbian-linux-gnueabihf/sysroot/usr/lib/arm-linux-gnueabihf;/home/david/arm-cross-comp-env/arm-raspbian-linux-gnueabihf/arm-raspbian-linux-gnueabihf/sysroot/usr/lib]
  implicit fwks: []


Determining if the CXX compiler works passed with the following output:
Change Dir: /home/david/setr-tp5/serveur/build/CMakeFiles/CMakeTmp

Run Build Command(s):/usr/bin/make cmTC_1b17b/fast && /usr/bin/make  -f CMakeFiles/cmTC_1b17b.dir/build.make CMakeFiles/cmTC_1b17b.dir/build
make[1] : on entre dans le répertoire « /home/david/setr-tp5/serveur/build/CMakeFiles/CMakeTmp »
Building CXX object CMakeFiles/cmTC_1b17b.dir/testCXXCompiler.cxx.o
/home/david/arm-cross-comp-env/arm-raspbian-linux-gnueabihf/bin/arm-raspbian-linux-gnueabihf-g++ --sysroot=/home/david/arm-cross-comp-env/arm-raspbian-linux-gnueabihf/arm-raspbian-linux-gnueabihf/sysroot    -Wl,-rpath-link,/home/david/arm-cross-comp-env/arm-raspbian-linux-gnueabihf/arm-raspbian-linux-gnueabihf/sysroot/opt/vc/lib -Wl,-rpath-link,/home/david/arm-cross-comp-env/arm-raspbian-linux-gnueabihf/arm-raspbian-linux-gnueabihf/sysroot/lib/arm-linux-gnueabihf -Wl,-rpath-link,/home/david/arm-cross-comp-env/arm-raspbian-linux-gnueabihf/arm-raspbian-linux-gnueabihf/sysroot/usr/lib/arm-linux-gnueabihf -Wl,-rpath-link,/home/david/arm-cross-comp-env/arm-raspbian-linux-gnueabihf/arm-raspbian-linux-gnueabihf/sysroot/usr/local/lib    -o CMakeFiles/cmTC_1b17b.dir/testCXXCompiler.cxx.o -c /home/david/setr-tp5/serveur/build/CMakeFiles/CMakeTmp/testCXXCompiler.cxx
Linking CXX executable cmTC_1b17b
/usr/bin/cmake -E cmake_link_script CMakeFiles/cmTC_1b17b.dir/link.txt --verbose=1
/home/david/arm-cross-comp-env/arm-raspbian-linux-gnueabihf/bin/arm-raspbian-linux-gnueabihf-g++ --sysroot=/home/david/arm-cross-comp-env/arm-raspbian-linux-gnueabihf/arm-raspbian-linux-gnueabihf/sysroot  -Wl,-rpath-link,/home/david/arm-cross-comp-env/arm-raspbian-linux-gnueabihf/arm-raspbian-linux-gnueabihf/sysroot/opt/vc/lib -Wl,-rpath-link,/home/david/arm-cross-comp-env/arm-raspbian-linux-gnueabihf/arm-raspbian-linux-gnueabihf/sysroot/lib/arm-linux-gnueabihf -Wl,-rpath-link,/home/david/arm-cross-comp-env/arm-raspbian-linux-gnueabihf/arm-raspbian-linux-gnueabihf/sysroot/usr/lib/arm-linux-gnueabihf -Wl,-rpath-link,/home/david/arm-cross-comp-env/arm-raspbian-linux-gnueabihf/arm-raspbian-linux-gnueabihf/sysroot/usr/local/lib     -rdynamic CMakeFiles/cmTC_1b17b.dir/testCXXCompiler.cxx.o  -o cmTC_1b17b 
make[1] : on quitte le répertoire « /home/david/setr-tp5/serveur/build/CMakeFiles/CMakeTmp »



Detecting CXX compiler ABI info compiled with the following output:
Change Dir: /home/david/setr-tp5/serveur/build/CMakeFiles/CMakeTmp

Run Build Command(s):/usr/bin/make cmTC_0936f/fast && /usr/bin/make  -f CMakeFiles/cmTC_0936f.dir/build.make CMakeFiles/cmTC_0936f.dir/build
make[1]: Entering directory '/home/david/setr-tp5/serveur/build/CMakeFiles/CMakeTmp'
Building CXX object CMakeFiles/cmTC_0936f.dir/CMakeCXXCompilerABI.cpp.o
/home/david/arm-cross-comp-env/arm-raspbian-linux-gnueabihf/bin/arm-raspbian-linux-gnueabihf-g++ --sysroot=/home/david/arm-cross-comp-env/arm-raspbian-linux-gnueabihf/arm-raspbian-linux-gnueabihf/sysroot    -Wl,-rpath-link,/home/david/arm-cross-comp-env/arm-raspbian-linux-gnueabihf/arm-raspbian-linux-gnueabihf/sysroot/opt/vc/lib -Wl,-rpath-link,/home/david/arm-cross-comp-env/arm-raspbian-linux-gnueabihf/arm-raspbian-linux-gnueabihf/sysroot/lib/arm-linux-gnueabihf -Wl,-rpath-link,/home/david/arm-cross-comp-env/arm-raspbian-linux-gnueabihf/arm-raspbian-linux-gnueabihf/sysroot/usr/lib/arm-linux-gnueabihf -Wl,-rpath-link,/home/david/arm-cross-comp-env/arm-raspbian-linux-gnueabihf/arm-raspbian-linux-gnueabihf/sysroot/usr/local/lib    -v -o CMakeFiles/cmTC_0936f.dir/CMakeCXXCompilerABI.cpp.o -c /usr/share/cmake-3.17/Modules/CMakeCXXCompilerABI.cpp
Using built-in specs.
COLLECT_GCC=/home/david/arm-cross-comp-env/arm-raspbian-linux-gnueabihf/bin/arm-raspbian-linux-gnueabihf-g++
Target: arm-raspbian-linux-gnueabihf
Configured with: /home/david/ct-config-rpi-zero/.build/arm-raspbian-linux-gnueabihf/src/gcc/configure --build=x86_64-build_pc-linux-gnu --host=x86_64-build_pc-linux-gnu --target=arm-raspbian-linux-gnueabihf --prefix=/home/david/arm-cross-comp-env/arm-raspbian-linux-gnueabihf --with-sysroot=/home/david/arm-cross-comp-env/arm-raspbian-linux-gnueabihf/arm-raspbian-linux-gnueabihf/sysroot --enable-languages=c,c++ --with-pkgversion='crosstool-NG UNKNOWN' --enable-__cxa_atexit --enable-libmudflap --enable-libgomp --enable-libssp --enable-libquadmath --enable-libquadmath-support --enable-libsanitizer --disable-libmpx --with-gmp=/home/david/ct-config-rpi-zero/.build/arm-raspbian-linux-gnueabihf/buildtools --with-mpfr=/home/david/ct-config-rpi-zero/.build/arm-raspbian-linux-gnueabihf/buildtools --with-mpc=/home/david/ct-config-rpi-zero/.build/arm-raspbian-linux-gnueabihf/buildtools --with-isl=/home/david/ct-config-rpi-zero/.build/arm-raspbian-linux-gnueabihf/buildtools --enable-lto --with-host-libstdcxx='-static-libgcc -Wl,-Bstatic,-lstdc++,-Bdynamic -lm' --enable-threads=posix --disable-plugin --disable-nls --enable-multiarch --with-local-prefix=/home/david/arm-cross-comp-env/arm-raspbian-linux-gnueabihf/arm-raspbian-linux-gnueabihf/sysroot --enable-long-long --with-arch=armv6 --with-float=hard --with-fpu=vfp --enable-libstdcxx-debug --enable-libstdcxx-time=yes --enable-version-specific-runtime-libs
Thread model: posix
gcc version 8.3.0 (crosstool-NG UNKNOWN) 
COLLECT_GCC_OPTIONS='-v' '-o' 'CMakeFiles/cmTC_0936f.dir/CMakeCXXCompilerABI.cpp.o' '-c' '-shared-libgcc'  '-mfloat-abi=hard' '-mfpu=vfp' '-mtls-dialect=gnu' '-marm' '-march=armv6+fp'
 /home/david/arm-cross-comp-env/arm-raspbian-linux-gnueabihf/libexec/gcc/arm-raspbian-linux-gnueabihf/8.3.0/cc1plus -quiet -v -imultilib . -imultiarch arm-linux-gnueabihf -isysroot /home/david/arm-cross-comp-env/arm-raspbian-linux-gnueabihf/arm-raspbian-linux-gnueabihf/sysroot -D_GNU_SOURCE /usr/share/cmake-3.17/Modules/CMakeCXXCompilerABI.cpp -quiet -dumpbase CMakeCXXCompilerABI.cpp -mfloat-abi=hard -mfpu=vfp -mtls-dialect=gnu -marm -march=armv6+fp -auxbase-strip CMakeFiles/cmTC_0936f.dir/CMakeCXXCompilerABI.cpp.o -version -o /tmp/ccHrSCVz.s
GNU C++14 (crosstool-NG UNKNOWN) version 8.3.0 (arm-raspbian-linux-gnueabihf)
	compiled by GNU C version 9.3.0, GMP version 6.1.2, MPFR version 3.1.6, MPC version 1.0.3, isl version isl-0.18-GMP

GGC heuristics: --param ggc-min-expand=100 --param ggc-min-heapsize=131072
ignoring nonexistent directory "/home/david/arm-cross-comp-env/arm-raspbian-linux-gnueabihf/arm-raspbian-linux-gnueabihf/sysroot/home/david/arm-cross-comp-env/arm-raspbian-linux-gnueabihf/arm-raspbian-linux-gnueabihf/sysroot/include/arm-linux-gnueabihf"
ignoring nonexistent directory "/home/david/arm-cross-comp-env/arm-raspbian-linux-gnueabihf/arm-raspbian-linux-gnueabihf/sysroot/home/david/arm-cross-comp-env/arm-raspbian-linux-gnueabihf/arm-raspbian-linux-gnueabihf/sysroot/include"
ignoring nonexistent directory "/home/david/arm-cross-comp-env/arm-raspbian-linux-gnueabihf/lib/gcc/arm-raspbian-linux-gnueabihf/8.3.0/../../../../arm-raspbian-linux-gnueabihf/include"
#include "..." search starts here:
#include <...> search starts here:
 /home/david/arm-cross-comp-env/arm-raspbian-linux-gnueabihf/lib/gcc/arm-raspbian-linux-gnueabihf/8.3.0/include/c++
 /home/david/arm-cross-comp-env/arm-raspbian-linux-gnueabihf/lib/gcc/arm-raspbian-linux-gnueabihf/8.3.0/include/c++/arm-raspbian-linux-gnueabihf/.
 /home/david/arm-cross-comp-env/arm-raspbian-linux-gnueabihf/lib/gcc/arm-raspbian-linux-gnueabihf/8.3.0/include/c++/backward
 /home/david/arm-cross-comp-env/arm-raspbian-linux-gnueabihf/lib/gcc/arm-raspbian-linux-gnueabihf/8.3.0/include
 /home/david/arm-cross-comp-env/arm-raspbian-linux-gnueabihf/lib/gcc/arm-raspbian-linux-gnueabihf/8.3.0/include-fixed
 /home/david/arm-cross-comp-env/arm-raspbian-linux-gnueabihf/arm-raspbian-linux-gnueabihf/sysroot/usr/include/arm-linux-gnueabihf
 /home/david/arm-cross-comp-env/arm-raspbian-linux-gnueabihf/arm-raspbian-linux-gnueabihf/sysroot/usr/include
End of search list.
GNU C++14 (crosstool-NG UNKNOWN) version 8.3.0 (arm-raspbian-linux-gnueabihf)
	compiled by GNU C version 9.3.0, GMP version 6.1.2, MPFR version 3.1.6, MPC version 1.0.3, isl version isl-0.18-GMP

GGC heuristics: --param ggc-min-expand=100 --param ggc-min-heapsize=131072
Compiler executable checksum: 6fc690c07250f5a4bd153d1c020fde7b
COLLECT_GCC_OPTIONS='-v' '-o' 'CMakeFiles/cmTC_0936f.dir/CMakeCXXCompilerABI.cpp.o' '-c' '-shared-libgcc'  '-mfloat-abi=hard' '-mfpu=vfp' '-mtls-dialect=gnu' '-marm' '-march=armv6+fp'
 /home/david/arm-cross-comp-env/arm-raspbian-linux-gnueabihf/lib/gcc/arm-raspbian-linux-gnueabihf/8.3.0/../../../../arm-raspbian-linux-gnueabihf/bin/as -v -march=armv6 -mfloat-abi=hard -mfpu=vfp -meabi=5 -o CMakeFiles/cmTC_0936f.dir/CMakeCXXCompilerABI.cpp.o /tmp/ccHrSCVz.s
GNU assembler version 2.28.1 (arm-raspbian-linux-gnueabihf) using BFD version (crosstool-NG UNKNOWN) 2.28.1
COMPILER_PATH=/home/david/arm-cross-comp-env/arm-raspbian-linux-gnueabihf/libexec/gcc/arm-raspbian-linux-gnueabihf/8.3.0/:/home/david/arm-cross-comp-env/arm-raspbian-linux-gnueabihf/libexec/gcc/arm-raspbian-linux-gnueabihf/8.3.0/:/home/david/arm-cross-comp-env/arm-raspbian-linux-gnueabihf/libexec/gcc/arm-raspbian-linux-gnueabihf/:/home/david/arm-cross-comp-env/arm-raspbian-linux-gnueabihf/lib/gcc/arm-raspbian-linux-gnueabihf/8.3.0/:/home/david/arm-cross-comp-env/arm-raspbian-linux-gnueabihf/lib/gcc/arm-raspbian-linux-gnueabihf/:/home/david/arm-cross-comp-env/arm-raspbian-linux-gnueabihf/lib/gcc/arm-raspbian-linux-gnueabihf/8.3.0/../../../../arm-raspbian-linux-gnueabihf/bin/
LIBRARY_PATH=/home/david/arm-cross-comp-env/arm-raspbian-linux-gnueabihf/lib/gcc/arm-raspbian-linux-gnueabihf/8.3.0/:/home/david/arm-cross-comp-env/arm-raspbian-linux-gnueabihf/arm-raspbian-linux-gnueabihf/sysroot/lib/arm-linux-gnueabihf/:/home/david/arm-cross-comp-env/arm-raspbian-linux-gnueabihf/arm-raspbian-linux-gnueabihf/sysroot/lib/:/home/david/arm-cross-comp-env/arm-raspbian-linux-gnueabihf/arm-raspbian-linux-gnueabihf/sysroot/usr/lib/arm-linux-gnueabihf/:/home/david/arm-cross-comp-env/arm-raspbian-linux-gnueabihf/arm-raspbian-linux-gnueabihf/sysroot/usr/lib/
COLLECT_GCC_OPTIONS='-v' '-o' 'CMakeFiles/cmTC_0936f.dir/CMakeCXXCompilerABI.cpp.o' '-c' '-shared-libgcc'  '-mfloat-abi=hard' '-mfpu=vfp' '-mtls-dialect=gnu' '-marm' '-march=armv6+fp'
Linking CXX executable cmTC_0936f
/usr/bin/cmake -E cmake_link_script CMakeFiles/cmTC_0936f.dir/link.txt --verbose=1
/home/david/arm-cross-comp-env/arm-raspbian-linux-gnueabihf/bin/arm-raspbian-linux-gnueabihf-g++ --sysroot=/home/david/arm-cross-comp-env/arm-raspbian-linux-gnueabihf/arm-raspbian-linux-gnueabihf/sysroot  -Wl,-rpath-link,/home/david/arm-cross-comp-env/arm-raspbian-linux-gnueabihf/arm-raspbian-linux-gnueabihf/sysroot/opt/vc/lib -Wl,-rpath-link,/home/david/arm-cross-comp-env/arm-raspbian-linux-gnueabihf/arm-raspbian-linux-gnueabihf/sysroot/lib/arm-linux-gnueabihf -Wl,-rpath-link,/home/david/arm-cross-comp-env/arm-raspbian-linux-gnueabihf/arm-raspbian-linux-gnueabihf/sysroot/usr/lib/arm-linux-gnueabihf -Wl,-rpath-link,/home/david/arm-cross-comp-env/arm-raspbian-linux-gnueabihf/arm-raspbian-linux-gnueabihf/sysroot/usr/local/lib    -v -rdynamic CMakeFiles/cmTC_0936f.dir/CMakeCXXCompilerABI.cpp.o  -o cmTC_0936f 
Using built-in specs.
COLLECT_GCC=/home/david/arm-cross-comp-env/arm-raspbian-linux-gnueabihf/bin/arm-raspbian-linux-gnueabihf-g++
COLLECT_LTO_WRAPPER=/home/david/arm-cross-comp-env/arm-raspbian-linux-gnueabihf/libexec/gcc/arm-raspbian-linux-gnueabihf/8.3.0/lto-wrapper
Target: arm-raspbian-linux-gnueabihf
Configured with: /home/david/ct-config-rpi-zero/.build/arm-raspbian-linux-gnueabihf/src/gcc/configure --build=x86_64-build_pc-linux-gnu --host=x86_64-build_pc-linux-gnu --target=arm-raspbian-linux-gnueabihf --prefix=/home/david/arm-cross-comp-env/arm-raspbian-linux-gnueabihf --with-sysroot=/home/david/arm-cross-comp-env/arm-raspbian-linux-gnueabihf/arm-raspbian-linux-gnueabihf/sysroot --enable-languages=c,c++ --with-pkgversion='crosstool-NG UNKNOWN' --enable-__cxa_atexit --enable-libmudflap --enable-libgomp --enable-libssp --enable-libquadmath --enable-libquadmath-support --enable-libsanitizer --disable-libmpx --with-gmp=/home/david/ct-config-rpi-zero/.build/arm-raspbian-linux-gnueabihf/buildtools --with-mpfr=/home/david/ct-config-rpi-zero/.build/arm-raspbian-linux-gnueabihf/buildtools --with-mpc=/home/david/ct-config-rpi-zero/.build/arm-raspbian-linux-gnueabihf/buildtools --with-isl=/home/david/ct-config-rpi-zero/.build/arm-raspbian-linux-gnueabihf/buildtools --enable-lto --with-host-libstdcxx='-static-libgcc -Wl,-Bstatic,-lstdc++,-Bdynamic -lm' --enable-threads=posix --disable-plugin --disable-nls --enable-multiarch --with-local-prefix=/home/david/arm-cross-comp-env/arm-raspbian-linux-gnueabihf/arm-raspbian-linux-gnueabihf/sysroot --enable-long-long --with-arch=armv6 --with-float=hard --with-fpu=vfp --enable-libstdcxx-debug --enable-libstdcxx-time=yes --enable-version-specific-runtime-libs
Thread model: posix
gcc version 8.3.0 (crosstool-NG UNKNOWN) 
COMPILER_PATH=/home/david/arm-cross-comp-env/arm-raspbian-linux-gnueabihf/libexec/gcc/arm-raspbian-linux-gnueabihf/8.3.0/:/home/david/arm-cross-comp-env/arm-raspbian-linux-gnueabihf/libexec/gcc/arm-raspbian-linux-gnueabihf/8.3.0/:/home/david/arm-cross-comp-env/arm-raspbian-linux-gnueabihf/libexec/gcc/arm-raspbian-linux-gnueabihf/:/home/david/arm-cross-comp-env/arm-raspbian-linux-gnueabihf/lib/gcc/arm-raspbian-linux-gnueabihf/8.3.0/:/home/david/arm-cross-comp-env/arm-raspbian-linux-gnueabihf/lib/gcc/arm-raspbian-linux-gnueabihf/:/home/david/arm-cross-comp-env/arm-raspbian-linux-gnueabihf/lib/gcc/arm-raspbian-linux-gnueabihf/8.3.0/../../../../arm-raspbian-linux-gnueabihf/bin/
LIBRARY_PATH=/home/david/arm-cross-comp-env/arm-raspbian-linux-gnueabihf/lib/gcc/arm-raspbian-linux-gnueabihf/8.3.0/:/home/david/arm-cross-comp-env/arm-raspbian-linux-gnueabihf/arm-raspbian-linux-gnueabihf/sysroot/lib/arm-linux-gnueabihf/:/home/david/arm-cross-comp-env/arm-raspbian-linux-gnueabihf/arm-raspbian-linux-gnueabihf/sysroot/lib/:/home/david/arm-cross-comp-env/arm-raspbian-linux-gnueabihf/arm-raspbian-linux-gnueabihf/sysroot/usr/lib/arm-linux-gnueabihf/:/home/david/arm-cross-comp-env/arm-raspbian-linux-gnueabihf/arm-raspbian-linux-gnueabihf/sysroot/usr/lib/
COLLECT_GCC_OPTIONS='-v' '-rdynamic' '-o' 'cmTC_0936f' '-shared-libgcc'  '-mfloat-abi=hard' '-mfpu=vfp' '-mtls-dialect=gnu' '-marm' '-march=armv6+fp'
 /home/david/arm-cross-comp-env/arm-raspbian-linux-gnueabihf/libexec/gcc/arm-raspbian-linux-gnueabihf/8.3.0/collect2 -plugin /home/david/arm-cross-comp-env/arm-raspbian-linux-gnueabihf/libexec/gcc/arm-raspbian-linux-gnueabihf/8.3.0/liblto_plugin.so -plugin-opt=/home/david/arm-cross-comp-env/arm-raspbian-linux-gnueabihf/libexec/gcc/arm-raspbian-linux-gnueabihf/8.3.0/lto-wrapper -plugin-opt=-fresolution=/tmp/ccCUHwiY.res -plugin-opt=-pass-through=-lgcc_s -plugin-opt=-pass-through=-lgcc -plugin-opt=-pass-through=-lc -plugin-opt=-pass-through=-lgcc_s -plugin-opt=-pass-through=-lgcc --sysroot=/home/david/arm-cross-comp-env/arm-raspbian-linux-gnueabihf/arm-raspbian-linux-gnueabihf/sysroot --eh-frame-hdr -export-dynamic -dynamic-linker /lib/ld-linux-armhf.so.3 -X -m armelf_linux_eabi -o cmTC_0936f /home/david/arm-cross-comp-env/arm-raspbian-linux-gnueabihf/arm-raspbian-linux-gnueabihf/sysroot/usr/lib/arm-linux-gnueabihf/crt1.o /home/david/arm-cross-comp-env/arm-raspbian-linux-gnueabihf/arm-raspbian-linux-gnueabihf/sysroot/usr/lib/arm-linux-gnueabihf/crti.o /home/david/arm-cross-comp-env/arm-raspbian-linux-gnueabihf/lib/gcc/arm-raspbian-linux-gnueabihf/8.3.0/crtbegin.o -L/home/david/arm-cross-comp-env/arm-raspbian-linux-gnueabihf/lib/gcc/arm-raspbian-linux-gnueabihf/8.3.0 -L/home/david/arm-cross-comp-env/arm-raspbian-linux-gnueabihf/arm-raspbian-linux-gnueabihf/sysroot/lib/arm-linux-gnueabihf -L/home/david/arm-cross-comp-env/arm-raspbian-linux-gnueabihf/arm-raspbian-linux-gnueabihf/sysroot/lib -L/home/david/arm-cross-comp-env/arm-raspbian-linux-gnueabihf/arm-raspbian-linux-gnueabihf/sysroot/usr/lib/arm-linux-gnueabihf -L/home/david/arm-cross-comp-env/arm-raspbian-linux-gnueabihf/arm-raspbian-linux-gnueabihf/sysroot/usr/lib -rpath-link /home/david/arm-cross-comp-env/arm-raspbian-linux-gnueabihf/arm-raspbian-linux-gnueabihf/sysroot/opt/vc/lib -rpath-link /home/david/arm-cross-comp-env/arm-raspbian-linux-gnueabihf/arm-raspbian-linux-gnueabihf/sysroot/lib/arm-linux-gnueabihf -rpath-link /home/david/arm-cross-comp-env/arm-raspbian-linux-gnueabihf/arm-raspbian-linux-gnueabihf/sysroot/usr/lib/arm-linux-gnueabihf -rpath-link /home/david/arm-cross-comp-env/arm-raspbian-linux-gnueabihf/arm-raspbian-linux-gnueabihf/sysroot/usr/local/lib CMakeFiles/cmTC_0936f.dir/CMakeCXXCompilerABI.cpp.o -lstdc++ -lm -lgcc_s -lgcc -lc -lgcc_s -lgcc /home/david/arm-cross-comp-env/arm-raspbian-linux-gnueabihf/lib/gcc/arm-raspbian-linux-gnueabihf/8.3.0/crtend.o /home/david/arm-cross-comp-env/arm-raspbian-linux-gnueabihf/arm-raspbian-linux-gnueabihf/sysroot/usr/lib/arm-linux-gnueabihf/crtn.o
COLLECT_GCC_OPTIONS='-v' '-rdynamic' '-o' 'cmTC_0936f' '-shared-libgcc'  '-mfloat-abi=hard' '-mfpu=vfp' '-mtls-dialect=gnu' '-marm' '-march=armv6+fp'
make[1]: Leaving directory '/home/david/setr-tp5/serveur/build/CMakeFiles/CMakeTmp'



Parsed CXX implicit include dir info from above output: rv=done
  found start of include info
  found start of implicit include info
    add: [/home/david/arm-cross-comp-env/arm-raspbian-linux-gnueabihf/lib/gcc/arm-raspbian-linux-gnueabihf/8.3.0/include/c++]
    add: [/home/david/arm-cross-comp-env/arm-raspbian-linux-gnueabihf/lib/gcc/arm-raspbian-linux-gnueabihf/8.3.0/include/c++/arm-raspbian-linux-gnueabihf/.]
    add: [/home/david/arm-cross-comp-env/arm-raspbian-linux-gnueabihf/lib/gcc/arm-raspbian-linux-gnueabihf/8.3.0/include/c++/backward]
    add: [/home/david/arm-cross-comp-env/arm-raspbian-linux-gnueabihf/lib/gcc/arm-raspbian-linux-gnueabihf/8.3.0/include]
    add: [/home/david/arm-cross-comp-env/arm-raspbian-linux-gnueabihf/lib/gcc/arm-raspbian-linux-gnueabihf/8.3.0/include-fixed]
    add: [/home/david/arm-cross-comp-env/arm-raspbian-linux-gnueabihf/arm-raspbian-linux-gnueabihf/sysroot/usr/include/arm-linux-gnueabihf]
    add: [/home/david/arm-cross-comp-env/arm-raspbian-linux-gnueabihf/arm-raspbian-linux-gnueabihf/sysroot/usr/include]
  end of search list found
  collapse include dir [/home/david/arm-cross-comp-env/arm-raspbian-linux-gnueabihf/lib/gcc/arm-raspbian-linux-gnueabihf/8.3.0/include/c++] ==> [/home/david/arm-cross-comp-env/arm-raspbian-linux-gnueabihf/lib/gcc/arm-raspbian-linux-gnueabihf/8.3.0/include/c++]
  collapse include dir [/home/david/arm-cross-comp-env/arm-raspbian-linux-gnueabihf/lib/gcc/arm-raspbian-linux-gnueabihf/8.3.0/include/c++/arm-raspbian-linux-gnueabihf/.] ==> [/home/david/arm-cross-comp-env/arm-raspbian-linux-gnueabihf/lib/gcc/arm-raspbian-linux-gnueabihf/8.3.0/include/c++/arm-raspbian-linux-gnueabihf]
  collapse include dir [/home/david/arm-cross-comp-env/arm-raspbian-linux-gnueabihf/lib/gcc/arm-raspbian-linux-gnueabihf/8.3.0/include/c++/backward] ==> [/home/david/arm-cross-comp-env/arm-raspbian-linux-gnueabihf/lib/gcc/arm-raspbian-linux-gnueabihf/8.3.0/include/c++/backward]
  collapse include dir [/home/david/arm-cross-comp-env/arm-raspbian-linux-gnueabihf/lib/gcc/arm-raspbian-linux-gnueabihf/8.3.0/include] ==> [/home/david/arm-cross-comp-env/arm-raspbian-linux-gnueabihf/lib/gcc/arm-raspbian-linux-gnueabihf/8.3.0/include]
  collapse include dir [/home/david/arm-cross-comp-env/arm-raspbian-linux-gnueabihf/lib/gcc/arm-raspbian-linux-gnueabihf/8.3.0/include-fixed] ==> [/home/david/arm-cross-comp-env/arm-raspbian-linux-gnueabihf/lib/gcc/arm-raspbian-linux-gnueabihf/8.3.0/include-fixed]
  collapse include dir [/home/david/arm-cross-comp-env/arm-raspbian-linux-gnueabihf/arm-raspbian-linux-gnueabihf/sysroot/usr/include/arm-linux-gnueabihf] ==> [/home/david/arm-cross-comp-env/arm-raspbian-linux-gnueabihf/arm-raspbian-linux-gnueabihf/sysroot/usr/include/arm-linux-gnueabihf]
  collapse include dir [/home/david/arm-cross-comp-env/arm-raspbian-linux-gnueabihf/arm-raspbian-linux-gnueabihf/sysroot/usr/include] ==> [/home/david/arm-cross-comp-env/arm-raspbian-linux-gnueabihf/arm-raspbian-linux-gnueabihf/sysroot/usr/include]
  implicit include dirs: [/home/david/arm-cross-comp-env/arm-raspbian-linux-gnueabihf/lib/gcc/arm-raspbian-linux-gnueabihf/8.3.0/include/c++;/home/david/arm-cross-comp-env/arm-raspbian-linux-gnueabihf/lib/gcc/arm-raspbian-linux-gnueabihf/8.3.0/include/c++/arm-raspbian-linux-gnueabihf;/home/david/arm-cross-comp-env/arm-raspbian-linux-gnueabihf/lib/gcc/arm-raspbian-linux-gnueabihf/8.3.0/include/c++/backward;/home/david/arm-cross-comp-env/arm-raspbian-linux-gnueabihf/lib/gcc/arm-raspbian-linux-gnueabihf/8.3.0/include;/home/david/arm-cross-comp-env/arm-raspbian-linux-gnueabihf/lib/gcc/arm-raspbian-linux-gnueabihf/8.3.0/include-fixed;/home/david/arm-cross-comp-env/arm-raspbian-linux-gnueabihf/arm-raspbian-linux-gnueabihf/sysroot/usr/include/arm-linux-gnueabihf;/home/david/arm-cross-comp-env/arm-raspbian-linux-gnueabihf/arm-raspbian-linux-gnueabihf/sysroot/usr/include]


Parsed CXX implicit link information from above output:
  link line regex: [^( *|.*[/\])(arm-raspbian-linux-gnueabihf-ld|CMAKE_LINK_STARTFILE-NOTFOUND|([^/\]+-)?ld|collect2)[^/\]*( |$)]
  ignore line: [Change Dir: /home/david/setr-tp5/serveur/build/CMakeFiles/CMakeTmp]
  ignore line: []
  ignore line: [Run Build Command(s):/usr/bin/make cmTC_0936f/fast && /usr/bin/make  -f CMakeFiles/cmTC_0936f.dir/build.make CMakeFiles/cmTC_0936f.dir/build]
  ignore line: [make[1]: Entering directory '/home/david/setr-tp5/serveur/build/CMakeFiles/CMakeTmp']
  ignore line: [Building CXX object CMakeFiles/cmTC_0936f.dir/CMakeCXXCompilerABI.cpp.o]
  ignore line: [/home/david/arm-cross-comp-env/arm-raspbian-linux-gnueabihf/bin/arm-raspbian-linux-gnueabihf-g++ --sysroot=/home/david/arm-cross-comp-env/arm-raspbian-linux-gnueabihf/arm-raspbian-linux-gnueabihf/sysroot    -Wl -rpath-link /home/david/arm-cross-comp-env/arm-raspbian-linux-gnueabihf/arm-raspbian-linux-gnueabihf/sysroot/opt/vc/lib -Wl -rpath-link /home/david/arm-cross-comp-env/arm-raspbian-linux-gnueabihf/arm-raspbian-linux-gnueabihf/sysroot/lib/arm-linux-gnueabihf -Wl -rpath-link /home/david/arm-cross-comp-env/arm-raspbian-linux-gnueabihf/arm-raspbian-linux-gnueabihf/sysroot/usr/lib/arm-linux-gnueabihf -Wl -rpath-link /home/david/arm-cross-comp-env/arm-raspbian-linux-gnueabihf/arm-raspbian-linux-gnueabihf/sysroot/usr/local/lib    -v -o CMakeFiles/cmTC_0936f.dir/CMakeCXXCompilerABI.cpp.o -c /usr/share/cmake-3.17/Modules/CMakeCXXCompilerABI.cpp]
  ignore line: [Using built-in specs.]
  ignore line: [COLLECT_GCC=/home/david/arm-cross-comp-env/arm-raspbian-linux-gnueabihf/bin/arm-raspbian-linux-gnueabihf-g++]
  ignore line: [Target: arm-raspbian-linux-gnueabihf]
  ignore line: [Configured with: /home/david/ct-config-rpi-zero/.build/arm-raspbian-linux-gnueabihf/src/gcc/configure --build=x86_64-build_pc-linux-gnu --host=x86_64-build_pc-linux-gnu --target=arm-raspbian-linux-gnueabihf --prefix=/home/david/arm-cross-comp-env/arm-raspbian-linux-gnueabihf --with-sysroot=/home/david/arm-cross-comp-env/arm-raspbian-linux-gnueabihf/arm-raspbian-linux-gnueabihf/sysroot --enable-languages=c c++ --with-pkgversion='crosstool-NG UNKNOWN' --enable-__cxa_atexit --enable-libmudflap --enable-libgomp --enable-libssp --enable-libquadmath --enable-libquadmath-support --enable-libsanitizer --disable-libmpx --with-gmp=/home/david/ct-config-rpi-zero/.build/arm-raspbian-linux-gnueabihf/buildtools --with-mpfr=/home/david/ct-config-rpi-zero/.build/arm-raspbian-linux-gnueabihf/buildtools --with-mpc=/home/david/ct-config-rpi-zero/.build/arm-raspbian-linux-gnueabihf/buildtools --with-isl=/home/david/ct-config-rpi-zero/.build/arm-raspbian-linux-gnueabihf/buildtools --enable-lto --with-host-libstdcxx='-static-libgcc -Wl -Bstatic -lstdc++ -Bdynamic -lm' --enable-threads=posix --disable-plugin --disable-nls --enable-multiarch --with-local-prefix=/home/david/arm-cross-comp-env/arm-raspbian-linux-gnueabihf/arm-raspbian-linux-gnueabihf/sysroot --enable-long-long --with-arch=armv6 --with-float=hard --with-fpu=vfp --enable-libstdcxx-debug --enable-libstdcxx-time=yes --enable-version-specific-runtime-libs]
  ignore line: [Thread model: posix]
  ignore line: [gcc version 8.3.0 (crosstool-NG UNKNOWN) ]
  ignore line: [COLLECT_GCC_OPTIONS='-v' '-o' 'CMakeFiles/cmTC_0936f.dir/CMakeCXXCompilerABI.cpp.o' '-c' '-shared-libgcc'  '-mfloat-abi=hard' '-mfpu=vfp' '-mtls-dialect=gnu' '-marm' '-march=armv6+fp']
  ignore line: [ /home/david/arm-cross-comp-env/arm-raspbian-linux-gnueabihf/libexec/gcc/arm-raspbian-linux-gnueabihf/8.3.0/cc1plus -quiet -v -imultilib . -imultiarch arm-linux-gnueabihf -isysroot /home/david/arm-cross-comp-env/arm-raspbian-linux-gnueabihf/arm-raspbian-linux-gnueabihf/sysroot -D_GNU_SOURCE /usr/share/cmake-3.17/Modules/CMakeCXXCompilerABI.cpp -quiet -dumpbase CMakeCXXCompilerABI.cpp -mfloat-abi=hard -mfpu=vfp -mtls-dialect=gnu -marm -march=armv6+fp -auxbase-strip CMakeFiles/cmTC_0936f.dir/CMakeCXXCompilerABI.cpp.o -version -o /tmp/ccHrSCVz.s]
  ignore line: [GNU C++14 (crosstool-NG UNKNOWN) version 8.3.0 (arm-raspbian-linux-gnueabihf)]
  ignore line: [	compiled by GNU C version 9.3.0  GMP version 6.1.2  MPFR version 3.1.6  MPC version 1.0.3  isl version isl-0.18-GMP]
  ignore line: []
  ignore line: [GGC heuristics: --param ggc-min-expand=100 --param ggc-min-heapsize=131072]
  ignore line: [ignoring nonexistent directory "/home/david/arm-cross-comp-env/arm-raspbian-linux-gnueabihf/arm-raspbian-linux-gnueabihf/sysroot/home/david/arm-cross-comp-env/arm-raspbian-linux-gnueabihf/arm-raspbian-linux-gnueabihf/sysroot/include/arm-linux-gnueabihf"]
  ignore line: [ignoring nonexistent directory "/home/david/arm-cross-comp-env/arm-raspbian-linux-gnueabihf/arm-raspbian-linux-gnueabihf/sysroot/home/david/arm-cross-comp-env/arm-raspbian-linux-gnueabihf/arm-raspbian-linux-gnueabihf/sysroot/include"]
  ignore line: [ignoring nonexistent directory "/home/david/arm-cross-comp-env/arm-raspbian-linux-gnueabihf/lib/gcc/arm-raspbian-linux-gnueabihf/8.3.0/../../../../arm-raspbian-linux-gnueabihf/include"]
  ignore line: [#include "..." search starts here:]
  ignore line: [#include <...> search starts here:]
  ignore line: [ /home/david/arm-cross-comp-env/arm-raspbian-linux-gnueabihf/lib/gcc/arm-raspbian-linux-gnueabihf/8.3.0/include/c++]
  ignore line: [ /home/david/arm-cross-comp-env/arm-raspbian-linux-gnueabihf/lib/gcc/arm-raspbian-linux-gnueabihf/8.3.0/include/c++/arm-raspbian-linux-gnueabihf/.]
  ignore line: [ /home/david/arm-cross-comp-env/arm-raspbian-linux-gnueabihf/lib/gcc/arm-raspbian-linux-gnueabihf/8.3.0/include/c++/backward]
  ignore line: [ /home/david/arm-cross-comp-env/arm-raspbian-linux-gnueabihf/lib/gcc/arm-raspbian-linux-gnueabihf/8.3.0/include]
  ignore line: [ /home/david/arm-cross-comp-env/arm-raspbian-linux-gnueabihf/lib/gcc/arm-raspbian-linux-gnueabihf/8.3.0/include-fixed]
  ignore line: [ /home/david/arm-cross-comp-env/arm-raspbian-linux-gnueabihf/arm-raspbian-linux-gnueabihf/sysroot/usr/include/arm-linux-gnueabihf]
  ignore line: [ /home/david/arm-cross-comp-env/arm-raspbian-linux-gnueabihf/arm-raspbian-linux-gnueabihf/sysroot/usr/include]
  ignore line: [End of search list.]
  ignore line: [GNU C++14 (crosstool-NG UNKNOWN) version 8.3.0 (arm-raspbian-linux-gnueabihf)]
  ignore line: [	compiled by GNU C version 9.3.0  GMP version 6.1.2  MPFR version 3.1.6  MPC version 1.0.3  isl version isl-0.18-GMP]
  ignore line: []
  ignore line: [GGC heuristics: --param ggc-min-expand=100 --param ggc-min-heapsize=131072]
  ignore line: [Compiler executable checksum: 6fc690c07250f5a4bd153d1c020fde7b]
  ignore line: [COLLECT_GCC_OPTIONS='-v' '-o' 'CMakeFiles/cmTC_0936f.dir/CMakeCXXCompilerABI.cpp.o' '-c' '-shared-libgcc'  '-mfloat-abi=hard' '-mfpu=vfp' '-mtls-dialect=gnu' '-marm' '-march=armv6+fp']
  ignore line: [ /home/david/arm-cross-comp-env/arm-raspbian-linux-gnueabihf/lib/gcc/arm-raspbian-linux-gnueabihf/8.3.0/../../../../arm-raspbian-linux-gnueabihf/bin/as -v -march=armv6 -mfloat-abi=hard -mfpu=vfp -meabi=5 -o CMakeFiles/cmTC_0936f.dir/CMakeCXXCompilerABI.cpp.o /tmp/ccHrSCVz.s]
  ignore line: [GNU assembler version 2.28.1 (arm-raspbian-linux-gnueabihf) using BFD version (crosstool-NG UNKNOWN) 2.28.1]
  ignore line: [COMPILER_PATH=/home/david/arm-cross-comp-env/arm-raspbian-linux-gnueabihf/libexec/gcc/arm-raspbian-linux-gnueabihf/8.3.0/:/home/david/arm-cross-comp-env/arm-raspbian-linux-gnueabihf/libexec/gcc/arm-raspbian-linux-gnueabihf/8.3.0/:/home/david/arm-cross-comp-env/arm-raspbian-linux-gnueabihf/libexec/gcc/arm-raspbian-linux-gnueabihf/:/home/david/arm-cross-comp-env/arm-raspbian-linux-gnueabihf/lib/gcc/arm-raspbian-linux-gnueabihf/8.3.0/:/home/david/arm-cross-comp-env/arm-raspbian-linux-gnueabihf/lib/gcc/arm-raspbian-linux-gnueabihf/:/home/david/arm-cross-comp-env/arm-raspbian-linux-gnueabihf/lib/gcc/arm-raspbian-linux-gnueabihf/8.3.0/../../../../arm-raspbian-linux-gnueabihf/bin/]
  ignore line: [LIBRARY_PATH=/home/david/arm-cross-comp-env/arm-raspbian-linux-gnueabihf/lib/gcc/arm-raspbian-linux-gnueabihf/8.3.0/:/home/david/arm-cross-comp-env/arm-raspbian-linux-gnueabihf/arm-raspbian-linux-gnueabihf/sysroot/lib/arm-linux-gnueabihf/:/home/david/arm-cross-comp-env/arm-raspbian-linux-gnueabihf/arm-raspbian-linux-gnueabihf/sysroot/lib/:/home/david/arm-cross-comp-env/arm-raspbian-linux-gnueabihf/arm-raspbian-linux-gnueabihf/sysroot/usr/lib/arm-linux-gnueabihf/:/home/david/arm-cross-comp-env/arm-raspbian-linux-gnueabihf/arm-raspbian-linux-gnueabihf/sysroot/usr/lib/]
  ignore line: [COLLECT_GCC_OPTIONS='-v' '-o' 'CMakeFiles/cmTC_0936f.dir/CMakeCXXCompilerABI.cpp.o' '-c' '-shared-libgcc'  '-mfloat-abi=hard' '-mfpu=vfp' '-mtls-dialect=gnu' '-marm' '-march=armv6+fp']
  ignore line: [Linking CXX executable cmTC_0936f]
  ignore line: [/usr/bin/cmake -E cmake_link_script CMakeFiles/cmTC_0936f.dir/link.txt --verbose=1]
  ignore line: [/home/david/arm-cross-comp-env/arm-raspbian-linux-gnueabihf/bin/arm-raspbian-linux-gnueabihf-g++ --sysroot=/home/david/arm-cross-comp-env/arm-raspbian-linux-gnueabihf/arm-raspbian-linux-gnueabihf/sysroot  -Wl -rpath-link /home/david/arm-cross-comp-env/arm-raspbian-linux-gnueabihf/arm-raspbian-linux-gnueabihf/sysroot/opt/vc/lib -Wl -rpath-link /home/david/arm-cross-comp-env/arm-raspbian-linux-gnueabihf/arm-raspbian-linux-gnueabihf/sysroot/lib/arm-linux-gnueabihf -Wl -rpath-link /home/david/arm-cross-comp-env/arm-raspbian-linux-gnueabihf/arm-raspbian-linux-gnueabihf/sysroot/usr/lib/arm-linux-gnueabihf -Wl -rpath-link /home/david/arm-cross-comp-env/arm-raspbian-linux-gnueabihf/arm-raspbian-linux-gnueabihf/sysroot/usr/local/lib    -v -rdynamic CMakeFiles/cmTC_0936f.dir/CMakeCXXCompilerABI.cpp.o  -o cmTC_0936f ]
  ignore line: [Using built-in specs.]
  ignore line: [COLLECT_GCC=/home/david/arm-cross-comp-env/arm-raspbian-linux-gnueabihf/bin/arm-raspbian-linux-gnueabihf-g++]
  ignore line: [COLLECT_LTO_WRAPPER=/home/david/arm-cross-comp-env/arm-raspbian-linux-gnueabihf/libexec/gcc/arm-raspbian-linux-gnueabihf/8.3.0/lto-wrapper]
  ignore line: [Target: arm-raspbian-linux-gnueabihf]
  ignore line: [Configured with: /home/david/ct-config-rpi-zero/.build/arm-raspbian-linux-gnueabihf/src/gcc/configure --build=x86_64-build_pc-linux-gnu --host=x86_64-build_pc-linux-gnu --target=arm-raspbian-linux-gnueabihf --prefix=/home/david/arm-cross-comp-env/arm-raspbian-linux-gnueabihf --with-sysroot=/home/david/arm-cross-comp-env/arm-raspbian-linux-gnueabihf/arm-raspbian-linux-gnueabihf/sysroot --enable-languages=c c++ --with-pkgversion='crosstool-NG UNKNOWN' --enable-__cxa_atexit --enable-libmudflap --enable-libgomp --enable-libssp --enable-libquadmath --enable-libquadmath-support --enable-libsanitizer --disable-libmpx --with-gmp=/home/david/ct-config-rpi-zero/.build/arm-raspbian-linux-gnueabihf/buildtools --with-mpfr=/home/david/ct-config-rpi-zero/.build/arm-raspbian-linux-gnueabihf/buildtools --with-mpc=/home/david/ct-config-rpi-zero/.build/arm-raspbian-linux-gnueabihf/buildtools --with-isl=/home/david/ct-config-rpi-zero/.build/arm-raspbian-linux-gnueabihf/buildtools --enable-lto --with-host-libstdcxx='-static-libgcc -Wl -Bstatic -lstdc++ -Bdynamic -lm' --enable-threads=posix --disable-plugin --disable-nls --enable-multiarch --with-local-prefix=/home/david/arm-cross-comp-env/arm-raspbian-linux-gnueabihf/arm-raspbian-linux-gnueabihf/sysroot --enable-long-long --with-arch=armv6 --with-float=hard --with-fpu=vfp --enable-libstdcxx-debug --enable-libstdcxx-time=yes --enable-version-specific-runtime-libs]
  ignore line: [Thread model: posix]
  ignore line: [gcc version 8.3.0 (crosstool-NG UNKNOWN) ]
  ignore line: [COMPILER_PATH=/home/david/arm-cross-comp-env/arm-raspbian-linux-gnueabihf/libexec/gcc/arm-raspbian-linux-gnueabihf/8.3.0/:/home/david/arm-cross-comp-env/arm-raspbian-linux-gnueabihf/libexec/gcc/arm-raspbian-linux-gnueabihf/8.3.0/:/home/david/arm-cross-comp-env/arm-raspbian-linux-gnueabihf/libexec/gcc/arm-raspbian-linux-gnueabihf/:/home/david/arm-cross-comp-env/arm-raspbian-linux-gnueabihf/lib/gcc/arm-raspbian-linux-gnueabihf/8.3.0/:/home/david/arm-cross-comp-env/arm-raspbian-linux-gnueabihf/lib/gcc/arm-raspbian-linux-gnueabihf/:/home/david/arm-cross-comp-env/arm-raspbian-linux-gnueabihf/lib/gcc/arm-raspbian-linux-gnueabihf/8.3.0/../../../../arm-raspbian-linux-gnueabihf/bin/]
  ignore line: [LIBRARY_PATH=/home/david/arm-cross-comp-env/arm-raspbian-linux-gnueabihf/lib/gcc/arm-raspbian-linux-gnueabihf/8.3.0/:/home/david/arm-cross-comp-env/arm-raspbian-linux-gnueabihf/arm-raspbian-linux-gnueabihf/sysroot/lib/arm-linux-gnueabihf/:/home/david/arm-cross-comp-env/arm-raspbian-linux-gnueabihf/arm-raspbian-linux-gnueabihf/sysroot/lib/:/home/david/arm-cross-comp-env/arm-raspbian-linux-gnueabihf/arm-raspbian-linux-gnueabihf/sysroot/usr/lib/arm-linux-gnueabihf/:/home/david/arm-cross-comp-env/arm-raspbian-linux-gnueabihf/arm-raspbian-linux-gnueabihf/sysroot/usr/lib/]
  ignore line: [COLLECT_GCC_OPTIONS='-v' '-rdynamic' '-o' 'cmTC_0936f' '-shared-libgcc'  '-mfloat-abi=hard' '-mfpu=vfp' '-mtls-dialect=gnu' '-marm' '-march=armv6+fp']
  link line: [ /home/david/arm-cross-comp-env/arm-raspbian-linux-gnueabihf/libexec/gcc/arm-raspbian-linux-gnueabihf/8.3.0/collect2 -plugin /home/david/arm-cross-comp-env/arm-raspbian-linux-gnueabihf/libexec/gcc/arm-raspbian-linux-gnueabihf/8.3.0/liblto_plugin.so -plugin-opt=/home/david/arm-cross-comp-env/arm-raspbian-linux-gnueabihf/libexec/gcc/arm-raspbian-linux-gnueabihf/8.3.0/lto-wrapper -plugin-opt=-fresolution=/tmp/ccCUHwiY.res -plugin-opt=-pass-through=-lgcc_s -plugin-opt=-pass-through=-lgcc -plugin-opt=-pass-through=-lc -plugin-opt=-pass-through=-lgcc_s -plugin-opt=-pass-through=-lgcc --sysroot=/home/david/arm-cross-comp-env/arm-raspbian-linux-gnueabihf/arm-raspbian-linux-gnueabihf/sysroot --eh-frame-hdr -export-dynamic -dynamic-linker /lib/ld-linux-armhf.so.3 -X -m armelf_linux_eabi -o cmTC_0936f /home/david/arm-cross-comp-env/arm-raspbian-linux-gnueabihf/arm-raspbian-linux-gnueabihf/sysroot/usr/lib/arm-linux-gnueabihf/crt1.o /home/david/arm-cross-comp-env/arm-raspbian-linux-gnueabihf/arm-raspbian-linux-gnueabihf/sysroot/usr/lib/arm-linux-gnueabihf/crti.o /home/david/arm-cross-comp-env/arm-raspbian-linux-gnueabihf/lib/gcc/arm-raspbian-linux-gnueabihf/8.3.0/crtbegin.o -L/home/david/arm-cross-comp-env/arm-raspbian-linux-gnueabihf/lib/gcc/arm-raspbian-linux-gnueabihf/8.3.0 -L/home/david/arm-cross-comp-env/arm-raspbian-linux-gnueabihf/arm-raspbian-linux-gnueabihf/sysroot/lib/arm-linux-gnueabihf -L/home/david/arm-cross-comp-env/arm-raspbian-linux-gnueabihf/arm-raspbian-linux-gnueabihf/sysroot/lib -L/home/david/arm-cross-comp-env/arm-raspbian-linux-gnueabihf/arm-raspbian-linux-gnueabihf/sysroot/usr/lib/arm-linux-gnueabihf -L/home/david/arm-cross-comp-env/arm-raspbian-linux-gnueabihf/arm-raspbian-linux-gnueabihf/sysroot/usr/lib -rpath-link /home/david/arm-cross-comp-env/arm-raspbian-linux-gnueabihf/arm-raspbian-linux-gnueabihf/sysroot/opt/vc/lib -rpath-link /home/david/arm-cross-comp-env/arm-raspbian-linux-gnueabihf/arm-raspbian-linux-gnueabihf/sysroot/lib/arm-linux-gnueabihf -rpath-link /home/david/arm-cross-comp-env/arm-raspbian-linux-gnueabihf/arm-raspbian-linux-gnueabihf/sysroot/usr/lib/arm-linux-gnueabihf -rpath-link /home/david/arm-cross-comp-env/arm-raspbian-linux-gnueabihf/arm-raspbian-linux-gnueabihf/sysroot/usr/local/lib CMakeFiles/cmTC_0936f.dir/CMakeCXXCompilerABI.cpp.o -lstdc++ -lm -lgcc_s -lgcc -lc -lgcc_s -lgcc /home/david/arm-cross-comp-env/arm-raspbian-linux-gnueabihf/lib/gcc/arm-raspbian-linux-gnueabihf/8.3.0/crtend.o /home/david/arm-cross-comp-env/arm-raspbian-linux-gnueabihf/arm-raspbian-linux-gnueabihf/sysroot/usr/lib/arm-linux-gnueabihf/crtn.o]
    arg [/home/david/arm-cross-comp-env/arm-raspbian-linux-gnueabihf/libexec/gcc/arm-raspbian-linux-gnueabihf/8.3.0/collect2] ==> ignore
    arg [-plugin] ==> ignore
    arg [/home/david/arm-cross-comp-env/arm-raspbian-linux-gnueabihf/libexec/gcc/arm-raspbian-linux-gnueabihf/8.3.0/liblto_plugin.so] ==> ignore
    arg [-plugin-opt=/home/david/arm-cross-comp-env/arm-raspbian-linux-gnueabihf/libexec/gcc/arm-raspbian-linux-gnueabihf/8.3.0/lto-wrapper] ==> ignore
    arg [-plugin-opt=-fresolution=/tmp/ccCUHwiY.res] ==> ignore
    arg [-plugin-opt=-pass-through=-lgcc_s] ==> ignore
    arg [-plugin-opt=-pass-through=-lgcc] ==> ignore
    arg [-plugin-opt=-pass-through=-lc] ==> ignore
    arg [-plugin-opt=-pass-through=-lgcc_s] ==> ignore
    arg [-plugin-opt=-pass-through=-lgcc] ==> ignore
    arg [--sysroot=/home/david/arm-cross-comp-env/arm-raspbian-linux-gnueabihf/arm-raspbian-linux-gnueabihf/sysroot] ==> ignore
    arg [--eh-frame-hdr] ==> ignore
    arg [-export-dynamic] ==> ignore
    arg [-dynamic-linker] ==> ignore
    arg [/lib/ld-linux-armhf.so.3] ==> ignore
    arg [-X] ==> ignore
    arg [-m] ==> ignore
    arg [armelf_linux_eabi] ==> ignore
    arg [-o] ==> ignore
    arg [cmTC_0936f] ==> ignore
    arg [/home/david/arm-cross-comp-env/arm-raspbian-linux-gnueabihf/arm-raspbian-linux-gnueabihf/sysroot/usr/lib/arm-linux-gnueabihf/crt1.o] ==> ignore
    arg [/home/david/arm-cross-comp-env/arm-raspbian-linux-gnueabihf/arm-raspbian-linux-gnueabihf/sysroot/usr/lib/arm-linux-gnueabihf/crti.o] ==> ignore
    arg [/home/david/arm-cross-comp-env/arm-raspbian-linux-gnueabihf/lib/gcc/arm-raspbian-linux-gnueabihf/8.3.0/crtbegin.o] ==> ignore
    arg [-L/home/david/arm-cross-comp-env/arm-raspbian-linux-gnueabihf/lib/gcc/arm-raspbian-linux-gnueabihf/8.3.0] ==> dir [/home/david/arm-cross-comp-env/arm-raspbian-linux-gnueabihf/lib/gcc/arm-raspbian-linux-gnueabihf/8.3.0]
    arg [-L/home/david/arm-cross-comp-env/arm-raspbian-linux-gnueabihf/arm-raspbian-linux-gnueabihf/sysroot/lib/arm-linux-gnueabihf] ==> dir [/home/david/arm-cross-comp-env/arm-raspbian-linux-gnueabihf/arm-raspbian-linux-gnueabihf/sysroot/lib/arm-linux-gnueabihf]
    arg [-L/home/david/arm-cross-comp-env/arm-raspbian-linux-gnueabihf/arm-raspbian-linux-gnueabihf/sysroot/lib] ==> dir [/home/david/arm-cross-comp-env/arm-raspbian-linux-gnueabihf/arm-raspbian-linux-gnueabihf/sysroot/lib]
    arg [-L/home/david/arm-cross-comp-env/arm-raspbian-linux-gnueabihf/arm-raspbian-linux-gnueabihf/sysroot/usr/lib/arm-linux-gnueabihf] ==> dir [/home/david/arm-cross-comp-env/arm-raspbian-linux-gnueabihf/arm-raspbian-linux-gnueabihf/sysroot/usr/lib/arm-linux-gnueabihf]
    arg [-L/home/david/arm-cross-comp-env/arm-raspbian-linux-gnueabihf/arm-raspbian-linux-gnueabihf/sysroot/usr/lib] ==> dir [/home/david/arm-cross-comp-env/arm-raspbian-linux-gnueabihf/arm-raspbian-linux-gnueabihf/sysroot/usr/lib]
    arg [-rpath-link] ==> ignore
    arg [/home/david/arm-cross-comp-env/arm-raspbian-linux-gnueabihf/arm-raspbian-linux-gnueabihf/sysroot/opt/vc/lib] ==> ignore
    arg [-rpath-link] ==> ignore
    arg [/home/david/arm-cross-comp-env/arm-raspbian-linux-gnueabihf/arm-raspbian-linux-gnueabihf/sysroot/lib/arm-linux-gnueabihf] ==> ignore
    arg [-rpath-link] ==> ignore
    arg [/home/david/arm-cross-comp-env/arm-raspbian-linux-gnueabihf/arm-raspbian-linux-gnueabihf/sysroot/usr/lib/arm-linux-gnueabihf] ==> ignore
    arg [-rpath-link] ==> ignore
    arg [/home/david/arm-cross-comp-env/arm-raspbian-linux-gnueabihf/arm-raspbian-linux-gnueabihf/sysroot/usr/local/lib] ==> ignore
    arg [CMakeFiles/cmTC_0936f.dir/CMakeCXXCompilerABI.cpp.o] ==> ignore
    arg [-lstdc++] ==> lib [stdc++]
    arg [-lm] ==> lib [m]
    arg [-lgcc_s] ==> lib [gcc_s]
    arg [-lgcc] ==> lib [gcc]
    arg [-lc] ==> lib [c]
    arg [-lgcc_s] ==> lib [gcc_s]
    arg [-lgcc] ==> lib [gcc]
    arg [/home/david/arm-cross-comp-env/arm-raspbian-linux-gnueabihf/lib/gcc/arm-raspbian-linux-gnueabihf/8.3.0/crtend.o] ==> ignore
    arg [/home/david/arm-cross-comp-env/arm-raspbian-linux-gnueabihf/arm-raspbian-linux-gnueabihf/sysroot/usr/lib/arm-linux-gnueabihf/crtn.o] ==> ignore
  collapse library dir [/home/david/arm-cross-comp-env/arm-raspbian-linux-gnueabihf/lib/gcc/arm-raspbian-linux-gnueabihf/8.3.0] ==> [/home/david/arm-cross-comp-env/arm-raspbian-linux-gnueabihf/lib/gcc/arm-raspbian-linux-gnueabihf/8.3.0]
  collapse library dir [/home/david/arm-cross-comp-env/arm-raspbian-linux-gnueabihf/arm-raspbian-linux-gnueabihf/sysroot/lib/arm-linux-gnueabihf] ==> [/home/david/arm-cross-comp-env/arm-raspbian-linux-gnueabihf/arm-raspbian-linux-gnueabihf/sysroot/lib/arm-linux-gnueabihf]
  collapse library dir [/home/david/arm-cross-comp-env/arm-raspbian-linux-gnueabihf/arm-raspbian-linux-gnueabihf/sysroot/lib] ==> [/home/david/arm-cross-comp-env/arm-raspbian-linux-gnueabihf/arm-raspbian-linux-gnueabihf/sysroot/lib]
  collapse library dir [/home/david/arm-cross-comp-env/arm-raspbian-linux-gnueabihf/arm-raspbian-linux-gnueabihf/sysroot/usr/lib/arm-linux-gnueabihf] ==> [/home/david/arm-cross-comp-env/arm-raspbian-linux-gnueabihf/arm-raspbian-linux-gnueabihf/sysroot/usr/lib/arm-linux-gnueabihf]
  collapse library dir [/home/david/arm-cross-comp-env/arm-raspbian-linux-gnueabihf/arm-raspbian-linux-gnueabihf/sysroot/usr/lib] ==> [/home/david/arm-cross-comp-env/arm-raspbian-linux-gnueabihf/arm-raspbian-linux-gnueabihf/sysroot/usr/lib]
  implicit libs: [stdc++;m;gcc_s;gcc;c;gcc_s;gcc]
  implicit dirs: [/home/david/arm-cross-comp-env/arm-raspbian-linux-gnueabihf/lib/gcc/arm-raspbian-linux-gnueabihf/8.3.0;/home/david/arm-cross-comp-env/arm-raspbian-linux-gnueabihf/arm-raspbian-linux-gnueabihf/sysroot/lib/arm-linux-gnueabihf;/home/david/arm-cross-comp-env/arm-raspbian-linux-gnueabihf/arm-raspbian-linux-gnueabihf/sysroot/lib;/home/david/arm-cross-comp-env/arm-raspbian-linux-gnueabihf/arm-raspbian-linux-gnueabihf/sysroot/usr/lib/arm-linux-gnueabihf;/home/david/arm-cross-comp-env/arm-raspbian-linux-gnueabihf/arm-raspbian-linux-gnueabihf/sysroot/usr/lib]
  implicit fwks: []


